<?xml version="1.0" encoding="UTF-8"?>
<testsuite name="com.mycompany.dbRepository.CallLogRepositoryTest" tests="4" skipped="0" failures="0" errors="0" timestamp="2016-06-24T11:26:54" hostname="Batman-PC" time="0.215">
  <properties/>
  <testcase name="testSummaryCallLogs" classname="com.mycompany.dbRepository.CallLogRepositoryTest" time="0.087"/>
  <testcase name="shouldReturnCallLogBw2Phones" classname="com.mycompany.dbRepository.CallLogRepositoryTest" time="0.058"/>
  <testcase name="shouldReturnLocationOfFirstParty" classname="com.mycompany.dbRepository.CallLogRepositoryTest" time="0.035"/>
  <testcase name="testFindCallLogs" classname="com.mycompany.dbRepository.CallLogRepositoryTest" time="0.032"/>
  <system-out><![CDATA[16:56:51.079 [Test worker] DEBUG org.springframework.test.context.junit4.SpringJUnit4ClassRunner - SpringJUnit4ClassRunner constructor called with [class com.mycompany.dbRepository.CallLogRepositoryTest]
16:56:51.088 [Test worker] DEBUG org.springframework.test.context.BootstrapUtils - Instantiating CacheAwareContextLoaderDelegate from class [org.springframework.test.context.cache.DefaultCacheAwareContextLoaderDelegate]
16:56:51.091 [Test worker] DEBUG org.springframework.test.context.BootstrapUtils - Instantiating BootstrapContext using constructor [public org.springframework.test.context.support.DefaultBootstrapContext(java.lang.Class,org.springframework.test.context.CacheAwareContextLoaderDelegate)]
16:56:51.097 [Test worker] DEBUG org.springframework.test.context.BootstrapUtils - Instantiating TestContextBootstrapper for test class [com.mycompany.dbRepository.CallLogRepositoryTest] from class [org.springframework.test.context.support.DefaultTestContextBootstrapper]
16:56:51.114 [Test worker] DEBUG org.springframework.test.context.support.AbstractDelegatingSmartContextLoader - Delegating to AnnotationConfigContextLoader to process context configuration [ContextConfigurationAttributes@24f27408 declaringClass = 'com.mycompany.dbRepository.CallLogRepositoryTest', classes = '{class com.mycompany.config.SpringTestCfg}', locations = '{}', inheritLocations = true, initializers = '{}', inheritInitializers = true, name = [null], contextLoaderClass = 'org.springframework.test.context.ContextLoader'].
16:56:51.119 [Test worker] DEBUG org.springframework.test.context.support.DefaultTestContextBootstrapper - @TestExecutionListeners is not present for class [com.mycompany.dbRepository.CallLogRepositoryTest]: using defaults.
16:56:51.125 [Test worker] INFO org.springframework.test.context.support.DefaultTestContextBootstrapper - Loaded default TestExecutionListener class names from location [META-INF/spring.factories]: [org.springframework.test.context.web.ServletTestExecutionListener, org.springframework.test.context.support.DirtiesContextBeforeModesTestExecutionListener, org.springframework.test.context.support.DependencyInjectionTestExecutionListener, org.springframework.test.context.support.DirtiesContextTestExecutionListener, org.springframework.test.context.transaction.TransactionalTestExecutionListener, org.springframework.test.context.jdbc.SqlScriptsTestExecutionListener]
16:56:51.138 [Test worker] INFO org.springframework.test.context.support.DefaultTestContextBootstrapper - Using TestExecutionListeners: [org.springframework.test.context.web.ServletTestExecutionListener@4fceb202, org.springframework.test.context.support.DirtiesContextBeforeModesTestExecutionListener@7496dcd7, org.springframework.test.context.support.DependencyInjectionTestExecutionListener@12c8d8d1, org.springframework.test.context.support.DirtiesContextTestExecutionListener@766fe728, org.springframework.test.context.transaction.TransactionalTestExecutionListener@4c8b1545, org.springframework.test.context.jdbc.SqlScriptsTestExecutionListener@eb91867]
16:56:51.140 [Test worker] DEBUG org.springframework.test.annotation.ProfileValueUtils - Retrieved @ProfileValueSourceConfiguration [null] for test class [com.mycompany.dbRepository.CallLogRepositoryTest]
16:56:51.141 [Test worker] DEBUG org.springframework.test.annotation.ProfileValueUtils - Retrieved ProfileValueSource type [class org.springframework.test.annotation.SystemProfileValueSource] for class [com.mycompany.dbRepository.CallLogRepositoryTest]
16:56:51.142 [Test worker] DEBUG org.springframework.test.annotation.ProfileValueUtils - Retrieved @ProfileValueSourceConfiguration [null] for test class [com.mycompany.dbRepository.CallLogRepositoryTest]
16:56:51.142 [Test worker] DEBUG org.springframework.test.annotation.ProfileValueUtils - Retrieved ProfileValueSource type [class org.springframework.test.annotation.SystemProfileValueSource] for class [com.mycompany.dbRepository.CallLogRepositoryTest]
16:56:51.144 [Test worker] DEBUG org.springframework.test.context.support.AbstractDirtiesContextTestExecutionListener - Before test class: context [DefaultTestContext@836955f testClass = CallLogRepositoryTest, testInstance = [null], testMethod = [null], testException = [null], mergedContextConfiguration = [MergedContextConfiguration@2b681049 testClass = CallLogRepositoryTest, locations = '{}', classes = '{class com.mycompany.config.SpringTestCfg}', contextInitializerClasses = '[]', activeProfiles = '{test}', propertySourceLocations = '{}', propertySourceProperties = '{}', contextLoader = 'org.springframework.test.context.support.DelegatingSmartContextLoader', parent = [null]]], class annotated with @DirtiesContext [false] with mode [null].
16:56:51.146 [Test worker] DEBUG org.springframework.test.annotation.ProfileValueUtils - Retrieved @ProfileValueSourceConfiguration [null] for test class [com.mycompany.dbRepository.CallLogRepositoryTest]
16:56:51.146 [Test worker] DEBUG org.springframework.test.annotation.ProfileValueUtils - Retrieved ProfileValueSource type [class org.springframework.test.annotation.SystemProfileValueSource] for class [com.mycompany.dbRepository.CallLogRepositoryTest]
16:56:51.147 [Test worker] DEBUG org.springframework.test.context.support.DependencyInjectionTestExecutionListener - Performing dependency injection for test context [[DefaultTestContext@836955f testClass = CallLogRepositoryTest, testInstance = com.mycompany.dbRepository.CallLogRepositoryTest@22ba193d, testMethod = [null], testException = [null], mergedContextConfiguration = [MergedContextConfiguration@2b681049 testClass = CallLogRepositoryTest, locations = '{}', classes = '{class com.mycompany.config.SpringTestCfg}', contextInitializerClasses = '[]', activeProfiles = '{test}', propertySourceLocations = '{}', propertySourceProperties = '{}', contextLoader = 'org.springframework.test.context.support.DelegatingSmartContextLoader', parent = [null]]]].
16:56:51.147 [Test worker] DEBUG org.springframework.test.context.support.AbstractDelegatingSmartContextLoader - Delegating to AnnotationConfigContextLoader to load context from [MergedContextConfiguration@2b681049 testClass = CallLogRepositoryTest, locations = '{}', classes = '{class com.mycompany.config.SpringTestCfg}', contextInitializerClasses = '[]', activeProfiles = '{test}', propertySourceLocations = '{}', propertySourceProperties = '{}', contextLoader = 'org.springframework.test.context.support.DelegatingSmartContextLoader', parent = [null]].
16:56:51.148 [Test worker] DEBUG org.springframework.test.context.support.AbstractGenericContextLoader - Loading ApplicationContext for merged context configuration [[MergedContextConfiguration@2b681049 testClass = CallLogRepositoryTest, locations = '{}', classes = '{class com.mycompany.config.SpringTestCfg}', contextInitializerClasses = '[]', activeProfiles = '{test}', propertySourceLocations = '{}', propertySourceProperties = '{}', contextLoader = 'org.springframework.test.context.support.DelegatingSmartContextLoader', parent = [null]]].
16:56:51.198 [Test worker] DEBUG org.springframework.core.env.StandardEnvironment - Adding [systemProperties] PropertySource with lowest search precedence
16:56:51.199 [Test worker] DEBUG org.springframework.core.env.StandardEnvironment - Adding [systemEnvironment] PropertySource with lowest search precedence
16:56:51.199 [Test worker] DEBUG org.springframework.core.env.StandardEnvironment - Initialized StandardEnvironment with PropertySources [systemProperties,systemEnvironment]
16:56:51.199 [Test worker] DEBUG org.springframework.test.context.support.AnnotationConfigContextLoader - Registering annotated classes: {class com.mycompany.config.SpringTestCfg}
16:56:51.242 [Test worker] INFO org.springframework.context.support.GenericApplicationContext - Refreshing org.springframework.context.support.GenericApplicationContext@1f1758a3: startup date [Fri Jun 24 16:56:51 IST 2016]; root of context hierarchy
16:56:51.242 [Test worker] DEBUG org.springframework.context.support.GenericApplicationContext - Bean factory for org.springframework.context.support.GenericApplicationContext@1f1758a3: org.springframework.beans.factory.support.DefaultListableBeanFactory@41cc4428: defining beans [org.springframework.context.annotation.internalConfigurationAnnotationProcessor,org.springframework.context.annotation.internalAutowiredAnnotationProcessor,org.springframework.context.annotation.internalRequiredAnnotationProcessor,org.springframework.context.annotation.internalCommonAnnotationProcessor,org.springframework.context.annotation.internalPersistenceAnnotationProcessor,org.springframework.context.event.internalEventListenerProcessor,org.springframework.context.event.internalEventListenerFactory,springTestCfg]; root of factory hierarchy
16:56:51.252 [Test worker] DEBUG org.springframework.beans.factory.support.DefaultListableBeanFactory - Creating shared instance of singleton bean 'org.springframework.context.annotation.internalConfigurationAnnotationProcessor'
16:56:51.253 [Test worker] DEBUG org.springframework.beans.factory.support.DefaultListableBeanFactory - Creating instance of bean 'org.springframework.context.annotation.internalConfigurationAnnotationProcessor'
16:56:51.268 [Test worker] DEBUG org.springframework.beans.factory.support.DefaultListableBeanFactory - Eagerly caching bean 'org.springframework.context.annotation.internalConfigurationAnnotationProcessor' to allow for resolving potential circular references
16:56:51.269 [Test worker] DEBUG org.springframework.beans.factory.support.DefaultListableBeanFactory - Finished creating instance of bean 'org.springframework.context.annotation.internalConfigurationAnnotationProcessor'
16:56:51.283 [Test worker] DEBUG org.springframework.core.env.StandardEnvironment - Adding [systemProperties] PropertySource with lowest search precedence
16:56:51.283 [Test worker] DEBUG org.springframework.core.env.StandardEnvironment - Adding [systemEnvironment] PropertySource with lowest search precedence
16:56:51.283 [Test worker] DEBUG org.springframework.core.env.StandardEnvironment - Initialized StandardEnvironment with PropertySources [systemProperties,systemEnvironment]
16:56:51.284 [Test worker] DEBUG org.springframework.context.annotation.ClassPathBeanDefinitionScanner - JSR-250 'javax.annotation.ManagedBean' found and supported for component scanning
16:56:51.286 [Test worker] DEBUG org.springframework.core.io.support.PathMatchingResourcePatternResolver - Resolved classpath location [com/mycompany/] to resources [URL [file:/K:/JavaWorkSpace/ws1/MobPatternFinder/Core/build/classes/test/com/mycompany/], URL [file:/K:/JavaWorkSpace/ws1/MobPatternFinder/Core/build/classes/main/com/mycompany/]]
16:56:51.287 [Test worker] DEBUG org.springframework.core.io.support.PathMatchingResourcePatternResolver - Looking for matching resources in directory tree [K:\JavaWorkSpace\ws1\MobPatternFinder\Core\build\classes\test\com\mycompany]
16:56:51.287 [Test worker] DEBUG org.springframework.core.io.support.PathMatchingResourcePatternResolver - Searching directory [K:\JavaWorkSpace\ws1\MobPatternFinder\Core\build\classes\test\com\mycompany] for files matching pattern [K:/JavaWorkSpace/ws1/MobPatternFinder/Core/build/classes/test/com/mycompany/**/*.class]
16:56:51.288 [Test worker] DEBUG org.springframework.core.io.support.PathMatchingResourcePatternResolver - Searching directory [K:\JavaWorkSpace\ws1\MobPatternFinder\Core\build\classes\test\com\mycompany\config] for files matching pattern [K:/JavaWorkSpace/ws1/MobPatternFinder/Core/build/classes/test/com/mycompany/**/*.class]
16:56:51.289 [Test worker] DEBUG org.springframework.core.io.support.PathMatchingResourcePatternResolver - Searching directory [K:\JavaWorkSpace\ws1\MobPatternFinder\Core\build\classes\test\com\mycompany\dbRepository] for files matching pattern [K:/JavaWorkSpace/ws1/MobPatternFinder/Core/build/classes/test/com/mycompany/**/*.class]
16:56:51.290 [Test worker] DEBUG org.springframework.core.io.support.PathMatchingResourcePatternResolver - Looking for matching resources in directory tree [K:\JavaWorkSpace\ws1\MobPatternFinder\Core\build\classes\main\com\mycompany]
16:56:51.290 [Test worker] DEBUG org.springframework.core.io.support.PathMatchingResourcePatternResolver - Searching directory [K:\JavaWorkSpace\ws1\MobPatternFinder\Core\build\classes\main\com\mycompany] for files matching pattern [K:/JavaWorkSpace/ws1/MobPatternFinder/Core/build/classes/main/com/mycompany/**/*.class]
16:56:51.291 [Test worker] DEBUG org.springframework.core.io.support.PathMatchingResourcePatternResolver - Searching directory [K:\JavaWorkSpace\ws1\MobPatternFinder\Core\build\classes\main\com\mycompany\config] for files matching pattern [K:/JavaWorkSpace/ws1/MobPatternFinder/Core/build/classes/main/com/mycompany/**/*.class]
16:56:51.291 [Test worker] DEBUG org.springframework.core.io.support.PathMatchingResourcePatternResolver - Searching directory [K:\JavaWorkSpace\ws1\MobPatternFinder\Core\build\classes\main\com\mycompany\dbEntity] for files matching pattern [K:/JavaWorkSpace/ws1/MobPatternFinder/Core/build/classes/main/com/mycompany/**/*.class]
16:56:51.291 [Test worker] DEBUG org.springframework.core.io.support.PathMatchingResourcePatternResolver - Searching directory [K:\JavaWorkSpace\ws1\MobPatternFinder\Core\build\classes\main\com\mycompany\dbRepository] for files matching pattern [K:/JavaWorkSpace/ws1/MobPatternFinder/Core/build/classes/main/com/mycompany/**/*.class]
16:56:51.292 [Test worker] DEBUG org.springframework.core.io.support.PathMatchingResourcePatternResolver - Searching directory [K:\JavaWorkSpace\ws1\MobPatternFinder\Core\build\classes\main\com\mycompany\service] for files matching pattern [K:/JavaWorkSpace/ws1/MobPatternFinder/Core/build/classes/main/com/mycompany/**/*.class]
16:56:51.292 [Test worker] DEBUG org.springframework.core.io.support.PathMatchingResourcePatternResolver - Searching directory [K:\JavaWorkSpace\ws1\MobPatternFinder\Core\build\classes\main\com\mycompany\web] for files matching pattern [K:/JavaWorkSpace/ws1/MobPatternFinder/Core/build/classes/main/com/mycompany/**/*.class]
16:56:51.293 [Test worker] DEBUG org.springframework.core.io.support.PathMatchingResourcePatternResolver - Resolved location pattern [classpath*:com/mycompany/**/*.class] to resources [file [K:\JavaWorkSpace\ws1\MobPatternFinder\Core\build\classes\test\com\mycompany\config\TestSpringAppln.class], file [K:\JavaWorkSpace\ws1\MobPatternFinder\Core\build\classes\test\com\mycompany\dbRepository\CallLogRepositoryTest.class], file [K:\JavaWorkSpace\ws1\MobPatternFinder\Core\build\classes\main\com\mycompany\config\SpringCfg.class], file [K:\JavaWorkSpace\ws1\MobPatternFinder\Core\build\classes\main\com\mycompany\config\SpringTestCfg.class], file [K:\JavaWorkSpace\ws1\MobPatternFinder\Core\build\classes\main\com\mycompany\dbEntity\CallLogInfo.class], file [K:\JavaWorkSpace\ws1\MobPatternFinder\Core\build\classes\main\com\mycompany\dbEntity\PersonInfo.class], file [K:\JavaWorkSpace\ws1\MobPatternFinder\Core\build\classes\main\com\mycompany\dbRepository\CallLogRepository.class], file [K:\JavaWorkSpace\ws1\MobPatternFinder\Core\build\classes\main\com\mycompany\dbRepository\CallLogRepositoryCustom.class], file [K:\JavaWorkSpace\ws1\MobPatternFinder\Core\build\classes\main\com\mycompany\dbRepository\CallLogRepositoryImpl.class], file [K:\JavaWorkSpace\ws1\MobPatternFinder\Core\build\classes\main\com\mycompany\dbRepository\CallSummaryVO.class], file [K:\JavaWorkSpace\ws1\MobPatternFinder\Core\build\classes\main\com\mycompany\dbRepository\PersonRepository.class], file [K:\JavaWorkSpace\ws1\MobPatternFinder\Core\build\classes\main\com\mycompany\service\CallLogService$1.class], file [K:\JavaWorkSpace\ws1\MobPatternFinder\Core\build\classes\main\com\mycompany\service\CallLogService.class], file [K:\JavaWorkSpace\ws1\MobPatternFinder\Core\build\classes\main\com\mycompany\web\CallLogController.class]]
16:56:51.318 [Test worker] DEBUG org.springframework.context.annotation.ClassPathBeanDefinitionScanner - Ignored because not a concrete top-level class: file [K:\JavaWorkSpace\ws1\MobPatternFinder\Core\build\classes\main\com\mycompany\dbRepository\CallLogRepository.class]
16:56:51.319 [Test worker] DEBUG org.springframework.context.annotation.ClassPathBeanDefinitionScanner - Ignored because not a concrete top-level class: file [K:\JavaWorkSpace\ws1\MobPatternFinder\Core\build\classes\main\com\mycompany\dbRepository\PersonRepository.class]
16:56:51.321 [Test worker] DEBUG org.springframework.context.annotation.ClassPathBeanDefinitionScanner - Identified candidate component class: file [K:\JavaWorkSpace\ws1\MobPatternFinder\Core\build\classes\main\com\mycompany\service\CallLogService.class]
16:56:51.325 [Test worker] DEBUG org.springframework.context.annotation.ClassPathBeanDefinitionScanner - Identified candidate component class: file [K:\JavaWorkSpace\ws1\MobPatternFinder\Core\build\classes\main\com\mycompany\web\CallLogController.class]
16:56:51.344 [Test worker] DEBUG org.springframework.core.env.PropertySourcesPropertyResolver - Searching for key 'java.runtime.name' in [systemProperties]
16:56:51.344 [Test worker] DEBUG org.springframework.core.env.PropertySourcesPropertyResolver - Found key 'java.runtime.name' in [systemProperties] with type [String] and value 'Java(TM) SE Runtime Environment'
16:56:51.345 [Test worker] DEBUG org.springframework.core.env.PropertySourcesPropertyResolver - Searching for key 'sun.boot.library.path' in [systemProperties]
16:56:51.345 [Test worker] DEBUG org.springframework.core.env.PropertySourcesPropertyResolver - Found key 'sun.boot.library.path' in [systemProperties] with type [String] and value 'K:\JavaSW\JDK\1.8.0.92\jre\bin'
16:56:51.346 [Test worker] DEBUG org.springframework.core.env.PropertySourcesPropertyResolver - Searching for key 'java.vm.version' in [systemProperties]
16:56:51.346 [Test worker] DEBUG org.springframework.core.env.PropertySourcesPropertyResolver - Found key 'java.vm.version' in [systemProperties] with type [String] and value '25.92-b14'
16:56:51.346 [Test worker] DEBUG org.springframework.core.env.PropertySourcesPropertyResolver - Searching for key 'java.vm.vendor' in [systemProperties]
16:56:51.346 [Test worker] DEBUG org.springframework.core.env.PropertySourcesPropertyResolver - Found key 'java.vm.vendor' in [systemProperties] with type [String] and value 'Oracle Corporation'
16:56:51.346 [Test worker] DEBUG org.springframework.core.env.PropertySourcesPropertyResolver - Searching for key 'java.vendor.url' in [systemProperties]
16:56:51.346 [Test worker] DEBUG org.springframework.core.env.PropertySourcesPropertyResolver - Found key 'java.vendor.url' in [systemProperties] with type [String] and value 'http://java.oracle.com/'
16:56:51.346 [Test worker] DEBUG org.springframework.core.env.PropertySourcesPropertyResolver - Searching for key 'path.separator' in [systemProperties]
16:56:51.346 [Test worker] DEBUG org.springframework.core.env.PropertySourcesPropertyResolver - Found key 'path.separator' in [systemProperties] with type [String] and value ';'
16:56:51.346 [Test worker] DEBUG org.springframework.core.env.PropertySourcesPropertyResolver - Searching for key 'java.vm.name' in [systemProperties]
16:56:51.347 [Test worker] DEBUG org.springframework.core.env.PropertySourcesPropertyResolver - Found key 'java.vm.name' in [systemProperties] with type [String] and value 'Java HotSpot(TM) 64-Bit Server VM'
16:56:51.347 [Test worker] DEBUG org.springframework.core.env.PropertySourcesPropertyResolver - Searching for key 'file.encoding.pkg' in [systemProperties]
16:56:51.347 [Test worker] DEBUG org.springframework.core.env.PropertySourcesPropertyResolver - Found key 'file.encoding.pkg' in [systemProperties] with type [String] and value 'sun.io'
16:56:51.347 [Test worker] DEBUG org.springframework.core.env.PropertySourcesPropertyResolver - Searching for key 'user.script' in [systemProperties]
16:56:51.347 [Test worker] DEBUG org.springframework.core.env.PropertySourcesPropertyResolver - Found key 'user.script' in [systemProperties] with type [String] and value ''
16:56:51.347 [Test worker] DEBUG org.springframework.core.env.PropertySourcesPropertyResolver - Searching for key 'sun.java.launcher' in [systemProperties]
16:56:51.347 [Test worker] DEBUG org.springframework.core.env.PropertySourcesPropertyResolver - Found key 'sun.java.launcher' in [systemProperties] with type [String] and value 'SUN_STANDARD'
16:56:51.347 [Test worker] DEBUG org.springframework.core.env.PropertySourcesPropertyResolver - Searching for key 'user.country' in [systemProperties]
16:56:51.347 [Test worker] DEBUG org.springframework.core.env.PropertySourcesPropertyResolver - Found key 'user.country' in [systemProperties] with type [String] and value 'US'
16:56:51.348 [Test worker] DEBUG org.springframework.core.env.PropertySourcesPropertyResolver - Searching for key 'sun.os.patch.level' in [systemProperties]
16:56:51.348 [Test worker] DEBUG org.springframework.core.env.PropertySourcesPropertyResolver - Found key 'sun.os.patch.level' in [systemProperties] with type [String] and value ''
16:56:51.348 [Test worker] DEBUG org.springframework.core.env.PropertySourcesPropertyResolver - Searching for key 'java.vm.specification.name' in [systemProperties]
16:56:51.348 [Test worker] DEBUG org.springframework.core.env.PropertySourcesPropertyResolver - Found key 'java.vm.specification.name' in [systemProperties] with type [String] and value 'Java Virtual Machine Specification'
16:56:51.348 [Test worker] DEBUG org.springframework.core.env.PropertySourcesPropertyResolver - Searching for key 'user.dir' in [systemProperties]
16:56:51.348 [Test worker] DEBUG org.springframework.core.env.PropertySourcesPropertyResolver - Found key 'user.dir' in [systemProperties] with type [String] and value 'K:\JavaWorkSpace\ws1\MobPatternFinder\Core'
16:56:51.348 [Test worker] DEBUG org.springframework.core.env.PropertySourcesPropertyResolver - Searching for key 'java.runtime.version' in [systemProperties]
16:56:51.348 [Test worker] DEBUG org.springframework.core.env.PropertySourcesPropertyResolver - Found key 'java.runtime.version' in [systemProperties] with type [String] and value '1.8.0_92-b14'
16:56:51.348 [Test worker] DEBUG org.springframework.core.env.PropertySourcesPropertyResolver - Searching for key 'java.awt.graphicsenv' in [systemProperties]
16:56:51.348 [Test worker] DEBUG org.springframework.core.env.PropertySourcesPropertyResolver - Found key 'java.awt.graphicsenv' in [systemProperties] with type [String] and value 'sun.awt.Win32GraphicsEnvironment'
16:56:51.349 [Test worker] DEBUG org.springframework.core.env.PropertySourcesPropertyResolver - Searching for key 'java.endorsed.dirs' in [systemProperties]
16:56:51.349 [Test worker] DEBUG org.springframework.core.env.PropertySourcesPropertyResolver - Found key 'java.endorsed.dirs' in [systemProperties] with type [String] and value 'K:\JavaSW\JDK\1.8.0.92\jre\lib\endorsed'
16:56:51.349 [Test worker] DEBUG org.springframework.core.env.PropertySourcesPropertyResolver - Searching for key 'os.arch' in [systemProperties]
16:56:51.349 [Test worker] DEBUG org.springframework.core.env.PropertySourcesPropertyResolver - Found key 'os.arch' in [systemProperties] with type [String] and value 'amd64'
16:56:51.349 [Test worker] DEBUG org.springframework.core.env.PropertySourcesPropertyResolver - Searching for key 'java.io.tmpdir' in [systemProperties]
16:56:51.349 [Test worker] DEBUG org.springframework.core.env.PropertySourcesPropertyResolver - Found key 'java.io.tmpdir' in [systemProperties] with type [String] and value 'C:\Users\Batman\AppData\Local\Temp\'
16:56:51.349 [Test worker] DEBUG org.springframework.core.env.PropertySourcesPropertyResolver - Searching for key 'line.separator' in [systemProperties]
16:56:51.349 [Test worker] DEBUG org.springframework.core.env.PropertySourcesPropertyResolver - Found key 'line.separator' in [systemProperties] with type [String] and value '
'
16:56:51.349 [Test worker] DEBUG org.springframework.core.env.PropertySourcesPropertyResolver - Searching for key 'java.vm.specification.vendor' in [systemProperties]
16:56:51.349 [Test worker] DEBUG org.springframework.core.env.PropertySourcesPropertyResolver - Found key 'java.vm.specification.vendor' in [systemProperties] with type [String] and value 'Oracle Corporation'
16:56:51.350 [Test worker] DEBUG org.springframework.core.env.PropertySourcesPropertyResolver - Searching for key 'user.variant' in [systemProperties]
16:56:51.350 [Test worker] DEBUG org.springframework.core.env.PropertySourcesPropertyResolver - Found key 'user.variant' in [systemProperties] with type [String] and value ''
16:56:51.350 [Test worker] DEBUG org.springframework.core.env.PropertySourcesPropertyResolver - Searching for key 'os.name' in [systemProperties]
16:56:51.350 [Test worker] DEBUG org.springframework.core.env.PropertySourcesPropertyResolver - Found key 'os.name' in [systemProperties] with type [String] and value 'Windows 10'
16:56:51.350 [Test worker] DEBUG org.springframework.core.env.PropertySourcesPropertyResolver - Searching for key 'sun.jnu.encoding' in [systemProperties]
16:56:51.350 [Test worker] DEBUG org.springframework.core.env.PropertySourcesPropertyResolver - Found key 'sun.jnu.encoding' in [systemProperties] with type [String] and value 'Cp1252'
16:56:51.350 [Test worker] DEBUG org.springframework.core.env.PropertySourcesPropertyResolver - Searching for key 'java.library.path' in [systemProperties]
16:56:51.350 [Test worker] DEBUG org.springframework.core.env.PropertySourcesPropertyResolver - Found key 'java.library.path' in [systemProperties] with type [String] and value 'K:\JavaSW\JDK\1.8.0.92\bin;C:\WINDOWS\Sun\Java\bin;C:\WINDOWS\system32;C:\WINDOWS;C:/Program Files/Java/jre1.8.0_92/bin/server;C:/Program Files/Java/jre1.8.0_92/bin;C:/Program Files/Java/jre1.8.0_92/lib/amd64;C:\ProgramData\Oracle\Java\javapath;C:\Program Files\Common Files\Microsoft Shared\Windows Live;C:\Program Files (x86)\Common Files\Microsoft Shared\Windows Live;c:\Program Files (x86)\Intel\iCLS Client\;c:\Program Files\Intel\iCLS Client\;C:\Program Files (x86)\NVIDIA Corporation\PhysX\Common;C:\WINDOWS\system32;C:\WINDOWS;C:\WINDOWS\System32\Wbem;C:\WINDOWS\System32\WindowsPowerShell\v1.0\;C:\Program Files\Intel\Intel(R) Management Engine Components\DAL;C:\Program Files\Intel\Intel(R) Management Engine Components\IPT;C:\Program Files (x86)\Intel\Intel(R) Management Engine Components\DAL;C:\Program Files (x86)\Intel\Intel(R) Management Engine Components\IPT;C:\Program Files (x86)\Windows Live\Shared;K:\JavaSW\JDK\1.8.0.92\bin;K:\JavaSW\Downloads\gradle-2.12-all\gradle-2.12\bin;C:\Program Files\Git\cmd;K:\JavaSW\Eclipse\eclipse;;.'
16:56:51.351 [Test worker] DEBUG org.springframework.core.env.PropertySourcesPropertyResolver - Searching for key 'java.specification.name' in [systemProperties]
16:56:51.351 [Test worker] DEBUG org.springframework.core.env.PropertySourcesPropertyResolver - Found key 'java.specification.name' in [systemProperties] with type [String] and value 'Java Platform API Specification'
16:56:51.351 [Test worker] DEBUG org.springframework.core.env.PropertySourcesPropertyResolver - Searching for key 'java.class.version' in [systemProperties]
16:56:51.351 [Test worker] DEBUG org.springframework.core.env.PropertySourcesPropertyResolver - Found key 'java.class.version' in [systemProperties] with type [String] and value '52.0'
16:56:51.351 [Test worker] DEBUG org.springframework.core.env.PropertySourcesPropertyResolver - Searching for key 'sun.management.compiler' in [systemProperties]
16:56:51.351 [Test worker] DEBUG org.springframework.core.env.PropertySourcesPropertyResolver - Found key 'sun.management.compiler' in [systemProperties] with type [String] and value 'HotSpot 64-Bit Tiered Compilers'
16:56:51.351 [Test worker] DEBUG org.springframework.core.env.PropertySourcesPropertyResolver - Searching for key 'os.version' in [systemProperties]
16:56:51.351 [Test worker] DEBUG org.springframework.core.env.PropertySourcesPropertyResolver - Found key 'os.version' in [systemProperties] with type [String] and value '10.0'
16:56:51.352 [Test worker] DEBUG org.springframework.core.env.PropertySourcesPropertyResolver - Searching for key 'user.home' in [systemProperties]
16:56:51.352 [Test worker] DEBUG org.springframework.core.env.PropertySourcesPropertyResolver - Found key 'user.home' in [systemProperties] with type [String] and value 'C:\Users\Batman'
16:56:51.352 [Test worker] DEBUG org.springframework.core.env.PropertySourcesPropertyResolver - Searching for key 'user.timezone' in [systemProperties]
16:56:51.352 [Test worker] DEBUG org.springframework.core.env.PropertySourcesPropertyResolver - Found key 'user.timezone' in [systemProperties] with type [String] and value 'Asia/Calcutta'
16:56:51.352 [Test worker] DEBUG org.springframework.core.env.PropertySourcesPropertyResolver - Searching for key 'java.awt.printerjob' in [systemProperties]
16:56:51.352 [Test worker] DEBUG org.springframework.core.env.PropertySourcesPropertyResolver - Found key 'java.awt.printerjob' in [systemProperties] with type [String] and value 'sun.awt.windows.WPrinterJob'
16:56:51.352 [Test worker] DEBUG org.springframework.core.env.PropertySourcesPropertyResolver - Searching for key 'file.encoding' in [systemProperties]
16:56:51.352 [Test worker] DEBUG org.springframework.core.env.PropertySourcesPropertyResolver - Found key 'file.encoding' in [systemProperties] with type [String] and value 'windows-1252'
16:56:51.352 [Test worker] DEBUG org.springframework.core.env.PropertySourcesPropertyResolver - Searching for key 'java.specification.version' in [systemProperties]
16:56:51.352 [Test worker] DEBUG org.springframework.core.env.PropertySourcesPropertyResolver - Found key 'java.specification.version' in [systemProperties] with type [String] and value '1.8'
16:56:51.352 [Test worker] DEBUG org.springframework.core.env.PropertySourcesPropertyResolver - Searching for key 'java.class.path' in [systemProperties]
16:56:51.353 [Test worker] DEBUG org.springframework.core.env.PropertySourcesPropertyResolver - Found key 'java.class.path' in [systemProperties] with type [String] and value 'K:\JavaWorkSpace\ws1\MobPatternFinder\Core\build\classes\test;K:\JavaWorkSpace\ws1\MobPatternFinder\Core\build\resources\test;K:\JavaWorkSpace\ws1\MobPatternFinder\Core\build\classes\main;K:\JavaWorkSpace\ws1\MobPatternFinder\Core\build\resources\main;K:\JavaSW\JDK\1.8.0.92\lib\tools.jar;K:\JavaSW\Downloads\gradle-2.12-all\gradle-2.12\caches\modules-2\files-2.1\org.springframework.boot\spring-boot-starter-data-jpa\1.3.5.RELEASE\32f4449a9de903ec4e4acd9c8f6af7c6a1309571\spring-boot-starter-data-jpa-1.3.5.RELEASE.jar;K:\JavaSW\Downloads\gradle-2.12-all\gradle-2.12\caches\modules-2\files-2.1\org.springframework.boot\spring-boot-starter-web\1.3.5.RELEASE\1ad40f8edd1b502fb82bfae3a6feb8be3a2b44fa\spring-boot-starter-web-1.3.5.RELEASE.jar;K:\JavaSW\Downloads\gradle-2.12-all\gradle-2.12\caches\modules-2\files-2.1\com.h2database\h2\1.4.192\1106492605db135523d2817881cdf029d9292afa\h2-1.4.192.jar;K:\JavaSW\Downloads\gradle-2.12-all\gradle-2.12\caches\modules-2\files-2.1\c3p0\c3p0\0.9.1.2\4ea71601f844c4b90d22195bbdb58979281bb8b6\c3p0-0.9.1.2.jar;K:\JavaSW\Downloads\gradle-2.12-all\gradle-2.12\caches\modules-2\files-2.1\com.mchange\mchange-commons-java\0.2.12\f5d967e436cab9b27b60a2962a74074fe71823d0\mchange-commons-java-0.2.12.jar;K:\JavaSW\Downloads\gradle-2.12-all\gradle-2.12\caches\modules-2\files-2.1\postgresql\postgresql\9.1-901-1.jdbc4\9bfabe48876ec38f6cbaa6931bad05c64a9ea942\postgresql-9.1-901-1.jdbc4.jar;K:\JavaWorkSpace\ws1\MobPatternFinder\Common\build\libs\Common-1.0.jar;K:\JavaSW\Downloads\gradle-2.12-all\gradle-2.12\caches\modules-2\files-2.1\junit\junit\4.12\2973d150c0dc1fefe998f834810d68f278ea58ec\junit-4.12.jar;K:\JavaSW\Downloads\gradle-2.12-all\gradle-2.12\caches\modules-2\files-2.1\org.springframework\spring-test\4.2.6.RELEASE\1f869333b3d64f17009a613368165978af575d8c\spring-test-4.2.6.RELEASE.jar;K:\JavaSW\Downloads\gradle-2.12-all\gradle-2.12\caches\modules-2\files-2.1\org.springframework.boot\spring-boot-starter\1.3.5.RELEASE\188c658fabbce0d1ccc1ae18a1cf58f566208c78\spring-boot-starter-1.3.5.RELEASE.jar;K:\JavaSW\Downloads\gradle-2.12-all\gradle-2.12\caches\modules-2\files-2.1\org.springframework.boot\spring-boot-starter-aop\1.3.5.RELEASE\478a50b44faab2ada75583637b9f6e789809d069\spring-boot-starter-aop-1.3.5.RELEASE.jar;K:\JavaSW\Downloads\gradle-2.12-all\gradle-2.12\caches\modules-2\files-2.1\org.springframework.boot\spring-boot-starter-jdbc\1.3.5.RELEASE\b427aa14a4f3a2fba114bcbb60eae6f83ee86706\spring-boot-starter-jdbc-1.3.5.RELEASE.jar;K:\JavaSW\Downloads\gradle-2.12-all\gradle-2.12\caches\modules-2\files-2.1\org.hibernate\hibernate-entitymanager\4.3.11.Final\27a119fcc2b91c50e5285dd11158fac2c38c9d1b\hibernate-entitymanager-4.3.11.Final.jar;K:\JavaSW\Downloads\gradle-2.12-all\gradle-2.12\caches\modules-2\files-2.1\javax.transaction\javax.transaction-api\1.2\d81aff979d603edd90dcd8db2abc1f4ce6479e3e\javax.transaction-api-1.2.jar;K:\JavaSW\Downloads\gradle-2.12-all\gradle-2.12\caches\modules-2\files-2.1\org.springframework.data\spring-data-jpa\1.9.4.RELEASE\80b83510e67aa085b7d91d2d096d90133ec995de\spring-data-jpa-1.9.4.RELEASE.jar;K:\JavaSW\Downloads\gradle-2.12-all\gradle-2.12\caches\modules-2\files-2.1\org.springframework\spring-aspects\4.2.6.RELEASE\7ed7b15e95eedd551ac979bd8c295256d96cf2ff\spring-aspects-4.2.6.RELEASE.jar;K:\JavaSW\Downloads\gradle-2.12-all\gradle-2.12\caches\modules-2\files-2.1\org.springframework.boot\spring-boot-starter-tomcat\1.3.5.RELEASE\b4c6277ccec38c51716659886efec073c4b386ea\spring-boot-starter-tomcat-1.3.5.RELEASE.jar;K:\JavaSW\Downloads\gradle-2.12-all\gradle-2.12\caches\modules-2\files-2.1\org.springframework.boot\spring-boot-starter-validation\1.3.5.RELEASE\c83a6cc60a95faace7e03c524d60fc9de1329f57\spring-boot-starter-validation-1.3.5.RELEASE.jar;K:\JavaSW\Downloads\gradle-2.12-all\gradle-2.12\caches\modules-2\files-2.1\com.fasterxml.jackson.core\jackson-databind\2.6.6\5108dde6049374ba980b360e1ecff49847baba4a\jackson-databind-2.6.6.jar;K:\JavaSW\Downloads\gradle-2.12-all\gradle-2.12\caches\modules-2\files-2.1\org.springframework\spring-web\4.2.6.RELEASE\d5ce949da3f3266f118ed899a153413613b503ad\spring-web-4.2.6.RELEASE.jar;K:\JavaSW\Downloads\gradle-2.12-all\gradle-2.12\caches\modules-2\files-2.1\org.springframework\spring-webmvc\4.2.6.RELEASE\7c7ea475d33287e0e3a92e98ccbe0ad6a0dbb9ca\spring-webmvc-4.2.6.RELEASE.jar;K:\JavaSW\Downloads\gradle-2.12-all\gradle-2.12\caches\modules-2\files-2.1\commons-collections\commons-collections\3.2.2\8ad72fe39fa8c91eaaf12aadb21e0c3661fe26d5\commons-collections-3.2.2.jar;K:\JavaSW\Downloads\gradle-2.12-all\gradle-2.12\caches\modules-2\files-2.1\com.fasterxml.jackson.core\jackson-annotations\2.6.6\7ef6440e71531604aa44a5eb62d4b466ffbf7e8f\jackson-annotations-2.6.6.jar;K:\JavaSW\Downloads\gradle-2.12-all\gradle-2.12\caches\modules-2\files-2.1\org.hamcrest\hamcrest-core\1.3\42a25dc3219429f0e5d060061f71acb49bf010a0\hamcrest-core-1.3.jar;K:\JavaSW\Downloads\gradle-2.12-all\gradle-2.12\caches\modules-2\files-2.1\org.springframework\spring-core\4.2.6.RELEASE\a1c6ef01f18888f51fc5054c65ef4787b7cf0a1e\spring-core-4.2.6.RELEASE.jar;K:\JavaSW\Downloads\gradle-2.12-all\gradle-2.12\caches\modules-2\files-2.1\org.springframework.boot\spring-boot\1.3.5.RELEASE\b218ba5f3bd01e657fbde9b085722da1fafa4f8a\spring-boot-1.3.5.RELEASE.jar;K:\JavaSW\Downloads\gradle-2.12-all\gradle-2.12\caches\modules-2\files-2.1\org.springframework.boot\spring-boot-autoconfigure\1.3.5.RELEASE\2bcfa86bb3afd95eff5252db6d78f2693b706997\spring-boot-autoconfigure-1.3.5.RELEASE.jar;K:\JavaSW\Downloads\gradle-2.12-all\gradle-2.12\caches\modules-2\files-2.1\org.springframework.boot\spring-boot-starter-logging\1.3.5.RELEASE\a71e1d7fff512b1eadd3426ea1ce5b4cc703c429\spring-boot-starter-logging-1.3.5.RELEASE.jar;K:\JavaSW\Downloads\gradle-2.12-all\gradle-2.12\caches\modules-2\files-2.1\org.yaml\snakeyaml\1.16\d64fb662c9e42789149f5078a62a22edda786c6a\snakeyaml-1.16.jar;K:\JavaSW\Downloads\gradle-2.12-all\gradle-2.12\caches\modules-2\files-2.1\org.springframework\spring-aop\4.2.6.RELEASE\5efbfccb19efda2956b8977561bf4da6b15b0d0e\spring-aop-4.2.6.RELEASE.jar;K:\JavaSW\Downloads\gradle-2.12-all\gradle-2.12\caches\modules-2\files-2.1\org.aspectj\aspectjweaver\1.8.9\db28774f477f07220eac18d5ec9c4e01f48589d7\aspectjweaver-1.8.9.jar;K:\JavaSW\Downloads\gradle-2.12-all\gradle-2.12\caches\modules-2\files-2.1\org.apache.tomcat\tomcat-jdbc\8.0.33\7f1b6d609f9c2e045e8d7759e96605841fffdf82\tomcat-jdbc-8.0.33.jar;K:\JavaSW\Downloads\gradle-2.12-all\gradle-2.12\caches\modules-2\files-2.1\org.springframework\spring-jdbc\4.2.6.RELEASE\16075bfb0901a5b89c5be975365ff09b2df04abb\spring-jdbc-4.2.6.RELEASE.jar;K:\JavaSW\Downloads\gradle-2.12-all\gradle-2.12\caches\modules-2\files-2.1\org.jboss.logging\jboss-logging\3.3.0.Final\3616bb87707910296e2c195dc016287080bba5af\jboss-logging-3.3.0.Final.jar;K:\JavaSW\Downloads\gradle-2.12-all\gradle-2.12\caches\modules-2\files-2.1\org.jboss.logging\jboss-logging-annotations\1.2.0.Beta1\2f437f37bb265d9f8f1392823dbca12d2bec06d6\jboss-logging-annotations-1.2.0.Beta1.jar;K:\JavaSW\Downloads\gradle-2.12-all\gradle-2.12\caches\modules-2\files-2.1\org.hibernate\hibernate-core\4.3.11.Final\536ac0021240d97db99c7d2983067cef1a6f3af5\hibernate-core-4.3.11.Final.jar;K:\JavaSW\Downloads\gradle-2.12-all\gradle-2.12\caches\modules-2\files-2.1\dom4j\dom4j\1.6.1\5d3ccc056b6f056dbf0dddfdf43894b9065a8f94\dom4j-1.6.1.jar;K:\JavaSW\Downloads\gradle-2.12-all\gradle-2.12\caches\modules-2\files-2.1\org.hibernate.common\hibernate-commons-annotations\4.0.5.Final\2a581b9edb8168e45060d8bad8b7f46712d2c52c\hibernate-commons-annotations-4.0.5.Final.jar;K:\JavaSW\Downloads\gradle-2.12-all\gradle-2.12\caches\modules-2\files-2.1\org.hibernate.javax.persistence\hibernate-jpa-2.1-api\1.0.0.Final\5e731d961297e5a07290bfaf3db1fbc8bbbf405a\hibernate-jpa-2.1-api-1.0.0.Final.jar;K:\JavaSW\Downloads\gradle-2.12-all\gradle-2.12\caches\modules-2\files-2.1\org.javassist\javassist\3.18.1-GA\d9a09f7732226af26bf99f19e2cffe0ae219db5b\javassist-3.18.1-GA.jar;K:\JavaSW\Downloads\gradle-2.12-all\gradle-2.12\caches\modules-2\files-2.1\org.springframework.data\spring-data-commons\1.11.4.RELEASE\c2b1fd4dbf7dff772d6124bb35892759e8bf088e\spring-data-commons-1.11.4.RELEASE.jar;K:\JavaSW\Downloads\gradle-2.12-all\gradle-2.12\caches\modules-2\files-2.1\org.springframework\spring-orm\4.2.6.RELEASE\2ef30e836028ebe4dbba0d8355929625a758ed8d\spring-orm-4.2.6.RELEASE.jar;K:\JavaSW\Downloads\gradle-2.12-all\gradle-2.12\caches\modules-2\files-2.1\org.springframework\spring-context\4.2.6.RELEASE\bbf3c8526fe37bb341507f28db17882d4348dbca\spring-context-4.2.6.RELEASE.jar;K:\JavaSW\Downloads\gradle-2.12-all\gradle-2.12\caches\modules-2\files-2.1\org.springframework\spring-tx\4.2.6.RELEASE\ba7502c0644414748b1eeb65b4193b05d335a110\spring-tx-4.2.6.RELEASE.jar;K:\JavaSW\Downloads\gradle-2.12-all\gradle-2.12\caches\modules-2\files-2.1\org.springframework\spring-beans\4.2.6.RELEASE\d4a319fb4d949fb6313f45c929947b9b4e26283e\spring-beans-4.2.6.RELEASE.jar;K:\JavaSW\Downloads\gradle-2.12-all\gradle-2.12\caches\modules-2\files-2.1\org.slf4j\slf4j-api\1.7.21\139535a69a4239db087de9bab0bee568bf8e0b70\slf4j-api-1.7.21.jar;K:\JavaSW\Downloads\gradle-2.12-all\gradle-2.12\caches\modules-2\files-2.1\org.slf4j\jcl-over-slf4j\1.7.21\331b564a3a42f002a0004b039c1c430da89062cd\jcl-over-slf4j-1.7.21.jar;K:\JavaSW\Downloads\gradle-2.12-all\gradle-2.12\caches\modules-2\files-2.1\org.apache.tomcat.embed\tomcat-embed-core\8.0.33\4e7f547fbb2c364cb5e02a58790c5fb89e31efed\tomcat-embed-core-8.0.33.jar;K:\JavaSW\Downloads\gradle-2.12-all\gradle-2.12\caches\modules-2\files-2.1\org.apache.tomcat.embed\tomcat-embed-el\8.0.33\31423f2d493cf1f7cf5f0082c9f94640e93b8c1b\tomcat-embed-el-8.0.33.jar;K:\JavaSW\Downloads\gradle-2.12-all\gradle-2.12\caches\modules-2\files-2.1\org.apache.tomcat.embed\tomcat-embed-logging-juli\8.0.33\66bc309e0227c1ba2cf4417182d0b1583003d24b\tomcat-embed-logging-juli-8.0.33.jar;K:\JavaSW\Downloads\gradle-2.12-all\gradle-2.12\caches\modules-2\files-2.1\org.apache.tomcat.embed\tomcat-embed-websocket\8.0.33\be1f95e5d9ae00f9bc6138441d29cfe5c7c60256\tomcat-embed-websocket-8.0.33.jar;K:\JavaSW\Downloads\gradle-2.12-all\gradle-2.12\caches\modules-2\files-2.1\org.hibernate\hibernate-validator\5.2.4.Final\fb18766b576aa6632bcfe9a20a023cbd52bf9769\hibernate-validator-5.2.4.Final.jar;K:\JavaSW\Downloads\gradle-2.12-all\gradle-2.12\caches\modules-2\files-2.1\com.fasterxml.jackson.core\jackson-core\2.6.6\2eb801df67aacaf5b1deb4ac626e1964508e47b\jackson-core-2.6.6.jar;K:\JavaSW\Downloads\gradle-2.12-all\gradle-2.12\caches\modules-2\files-2.1\org.springframework\spring-expression\4.2.6.RELEASE\c0182d73f348ab11d51d45cbe29f3820c32d0ccc\spring-expression-4.2.6.RELEASE.jar;K:\JavaSW\Downloads\gradle-2.12-all\gradle-2.12\caches\modules-2\files-2.1\ch.qos.logback\logback-classic\1.1.7\9865cf6994f9ff13fce0bf93f2054ef6c65bb462\logback-classic-1.1.7.jar;K:\JavaSW\Downloads\gradle-2.12-all\gradle-2.12\caches\modules-2\files-2.1\org.slf4j\jul-to-slf4j\1.7.21\2f22c882ffa479d1e9ff4eb0e8e2c29f2a0871ed\jul-to-slf4j-1.7.21.jar;K:\JavaSW\Downloads\gradle-2.12-all\gradle-2.12\caches\modules-2\files-2.1\org.slf4j\log4j-over-slf4j\1.7.21\b3700d97464d99bdcd42c0177d6e7951c94d75ff\log4j-over-slf4j-1.7.21.jar;K:\JavaSW\Downloads\gradle-2.12-all\gradle-2.12\caches\modules-2\files-2.1\aopalliance\aopalliance\1.0\235ba8b489512805ac13a8f9ea77a1ca5ebe3e8\aopalliance-1.0.jar;K:\JavaSW\Downloads\gradle-2.12-all\gradle-2.12\caches\modules-2\files-2.1\org.apache.tomcat\tomcat-juli\8.0.33\330aecfa895156cea91c576cb6609537152761f9\tomcat-juli-8.0.33.jar;K:\JavaSW\Downloads\gradle-2.12-all\gradle-2.12\caches\modules-2\files-2.1\antlr\antlr\2.7.7\83cd2cd674a217ade95a4bb83a8a14f351f48bd0\antlr-2.7.7.jar;K:\JavaSW\Downloads\gradle-2.12-all\gradle-2.12\caches\modules-2\files-2.1\org.jboss\jandex\1.1.0.Final\e84a2122e76f0b6503be78094ddf2108057ac15f\jandex-1.1.0.Final.jar;K:\JavaSW\Downloads\gradle-2.12-all\gradle-2.12\caches\modules-2\files-2.1\xml-apis\xml-apis\1.0.b2\3136ca936f64c9d68529f048c2618bd356bf85c9\xml-apis-1.0.b2.jar;K:\JavaSW\Downloads\gradle-2.12-all\gradle-2.12\caches\modules-2\files-2.1\javax.validation\validation-api\1.1.0.Final\8613ae82954779d518631e05daa73a6a954817d5\validation-api-1.1.0.Final.jar;K:\JavaSW\Downloads\gradle-2.12-all\gradle-2.12\caches\modules-2\files-2.1\com.fasterxml\classmate\1.1.0\dbbd699a1486ad0f2ed6f5af6cfed66acacb9056\classmate-1.1.0.jar;K:\JavaSW\Downloads\gradle-2.12-all\gradle-2.12\caches\modules-2\files-2.1\ch.qos.logback\logback-core\1.1.7\7873092d39ef741575ca91378a6a21c388363ac8\logback-core-1.1.7.jar'
16:56:51.355 [Test worker] DEBUG org.springframework.core.env.PropertySourcesPropertyResolver - Searching for key 'user.name' in [systemProperties]
16:56:51.355 [Test worker] DEBUG org.springframework.core.env.PropertySourcesPropertyResolver - Found key 'user.name' in [systemProperties] with type [String] and value 'Batman'
16:56:51.355 [Test worker] DEBUG org.springframework.core.env.PropertySourcesPropertyResolver - Searching for key 'java.vm.specification.version' in [systemProperties]
16:56:51.355 [Test worker] DEBUG org.springframework.core.env.PropertySourcesPropertyResolver - Found key 'java.vm.specification.version' in [systemProperties] with type [String] and value '1.8'
16:56:51.355 [Test worker] DEBUG org.springframework.core.env.PropertySourcesPropertyResolver - Searching for key 'sun.java.command' in [systemProperties]
16:56:51.355 [Test worker] DEBUG org.springframework.core.env.PropertySourcesPropertyResolver - Found key 'sun.java.command' in [systemProperties] with type [String] and value 'jarjar.org.gradle.process.internal.launcher.GradleWorkerMain 'Gradle Test Executor 1''
16:56:51.355 [Test worker] DEBUG org.springframework.core.env.PropertySourcesPropertyResolver - Searching for key 'java.home' in [systemProperties]
16:56:51.355 [Test worker] DEBUG org.springframework.core.env.PropertySourcesPropertyResolver - Found key 'java.home' in [systemProperties] with type [String] and value 'K:\JavaSW\JDK\1.8.0.92\jre'
16:56:51.356 [Test worker] DEBUG org.springframework.core.env.PropertySourcesPropertyResolver - Searching for key 'sun.arch.data.model' in [systemProperties]
16:56:51.356 [Test worker] DEBUG org.springframework.core.env.PropertySourcesPropertyResolver - Found key 'sun.arch.data.model' in [systemProperties] with type [String] and value '64'
16:56:51.356 [Test worker] DEBUG org.springframework.core.env.PropertySourcesPropertyResolver - Searching for key 'user.language' in [systemProperties]
16:56:51.356 [Test worker] DEBUG org.springframework.core.env.PropertySourcesPropertyResolver - Found key 'user.language' in [systemProperties] with type [String] and value 'en'
16:56:51.356 [Test worker] DEBUG org.springframework.core.env.PropertySourcesPropertyResolver - Searching for key 'java.specification.vendor' in [systemProperties]
16:56:51.356 [Test worker] DEBUG org.springframework.core.env.PropertySourcesPropertyResolver - Found key 'java.specification.vendor' in [systemProperties] with type [String] and value 'Oracle Corporation'
16:56:51.356 [Test worker] DEBUG org.springframework.core.env.PropertySourcesPropertyResolver - Searching for key 'awt.toolkit' in [systemProperties]
16:56:51.356 [Test worker] DEBUG org.springframework.core.env.PropertySourcesPropertyResolver - Found key 'awt.toolkit' in [systemProperties] with type [String] and value 'sun.awt.windows.WToolkit'
16:56:51.356 [Test worker] DEBUG org.springframework.core.env.PropertySourcesPropertyResolver - Searching for key 'java.vm.info' in [systemProperties]
16:56:51.357 [Test worker] DEBUG org.springframework.core.env.PropertySourcesPropertyResolver - Found key 'java.vm.info' in [systemProperties] with type [String] and value 'mixed mode'
16:56:51.357 [Test worker] DEBUG org.springframework.core.env.PropertySourcesPropertyResolver - Searching for key 'java.version' in [systemProperties]
16:56:51.357 [Test worker] DEBUG org.springframework.core.env.PropertySourcesPropertyResolver - Found key 'java.version' in [systemProperties] with type [String] and value '1.8.0_92'
16:56:51.357 [Test worker] DEBUG org.springframework.core.env.PropertySourcesPropertyResolver - Searching for key 'java.ext.dirs' in [systemProperties]
16:56:51.357 [Test worker] DEBUG org.springframework.core.env.PropertySourcesPropertyResolver - Found key 'java.ext.dirs' in [systemProperties] with type [String] and value 'K:\JavaSW\JDK\1.8.0.92\jre\lib\ext;C:\WINDOWS\Sun\Java\lib\ext'
16:56:51.357 [Test worker] DEBUG org.springframework.core.env.PropertySourcesPropertyResolver - Searching for key 'sun.boot.class.path' in [systemProperties]
16:56:51.358 [Test worker] DEBUG org.springframework.core.env.PropertySourcesPropertyResolver - Found key 'sun.boot.class.path' in [systemProperties] with type [String] and value 'K:\JavaSW\JDK\1.8.0.92\jre\lib\resources.jar;K:\JavaSW\JDK\1.8.0.92\jre\lib\rt.jar;K:\JavaSW\JDK\1.8.0.92\jre\lib\sunrsasign.jar;K:\JavaSW\JDK\1.8.0.92\jre\lib\jsse.jar;K:\JavaSW\JDK\1.8.0.92\jre\lib\jce.jar;K:\JavaSW\JDK\1.8.0.92\jre\lib\charsets.jar;K:\JavaSW\JDK\1.8.0.92\jre\lib\jfr.jar;K:\JavaSW\JDK\1.8.0.92\jre\classes'
16:56:51.358 [Test worker] DEBUG org.springframework.core.env.PropertySourcesPropertyResolver - Searching for key 'java.vendor' in [systemProperties]
16:56:51.358 [Test worker] DEBUG org.springframework.core.env.PropertySourcesPropertyResolver - Found key 'java.vendor' in [systemProperties] with type [String] and value 'Oracle Corporation'
16:56:51.358 [Test worker] DEBUG org.springframework.core.env.PropertySourcesPropertyResolver - Searching for key 'org.gradle.test.worker' in [systemProperties]
16:56:51.358 [Test worker] DEBUG org.springframework.core.env.PropertySourcesPropertyResolver - Found key 'org.gradle.test.worker' in [systemProperties] with type [String] and value '1'
16:56:51.358 [Test worker] DEBUG org.springframework.core.env.PropertySourcesPropertyResolver - Searching for key 'file.separator' in [systemProperties]
16:56:51.358 [Test worker] DEBUG org.springframework.core.env.PropertySourcesPropertyResolver - Found key 'file.separator' in [systemProperties] with type [String] and value '\'
16:56:51.358 [Test worker] DEBUG org.springframework.core.env.PropertySourcesPropertyResolver - Searching for key 'java.vendor.url.bug' in [systemProperties]
16:56:51.358 [Test worker] DEBUG org.springframework.core.env.PropertySourcesPropertyResolver - Found key 'java.vendor.url.bug' in [systemProperties] with type [String] and value 'http://bugreport.sun.com/bugreport/'
16:56:51.358 [Test worker] DEBUG org.springframework.core.env.PropertySourcesPropertyResolver - Searching for key 'sun.io.unicode.encoding' in [systemProperties]
16:56:51.359 [Test worker] DEBUG org.springframework.core.env.PropertySourcesPropertyResolver - Found key 'sun.io.unicode.encoding' in [systemProperties] with type [String] and value 'UnicodeLittle'
16:56:51.359 [Test worker] DEBUG org.springframework.core.env.PropertySourcesPropertyResolver - Searching for key 'sun.cpu.endian' in [systemProperties]
16:56:51.359 [Test worker] DEBUG org.springframework.core.env.PropertySourcesPropertyResolver - Found key 'sun.cpu.endian' in [systemProperties] with type [String] and value 'little'
16:56:51.359 [Test worker] DEBUG org.springframework.core.env.PropertySourcesPropertyResolver - Searching for key 'sun.desktop' in [systemProperties]
16:56:51.359 [Test worker] DEBUG org.springframework.core.env.PropertySourcesPropertyResolver - Found key 'sun.desktop' in [systemProperties] with type [String] and value 'windows'
16:56:51.359 [Test worker] DEBUG org.springframework.core.env.PropertySourcesPropertyResolver - Searching for key 'sun.cpu.isalist' in [systemProperties]
16:56:51.359 [Test worker] DEBUG org.springframework.core.env.PropertySourcesPropertyResolver - Found key 'sun.cpu.isalist' in [systemProperties] with type [String] and value 'amd64'
16:56:51.359 [Test worker] DEBUG org.springframework.core.env.PropertySourcesPropertyResolver - Searching for key 'USERDOMAIN_ROAMINGPROFILE' in [systemProperties]
16:56:51.359 [Test worker] DEBUG org.springframework.core.env.PropertySourcesPropertyResolver - Searching for key 'USERDOMAIN_ROAMINGPROFILE' in [systemEnvironment]
16:56:51.359 [Test worker] DEBUG org.springframework.core.env.PropertySourcesPropertyResolver - Found key 'USERDOMAIN_ROAMINGPROFILE' in [systemEnvironment] with type [String] and value 'BATMAN-PC'
16:56:51.359 [Test worker] DEBUG org.springframework.core.env.PropertySourcesPropertyResolver - Searching for key 'LOCALAPPDATA' in [systemProperties]
16:56:51.360 [Test worker] DEBUG org.springframework.core.env.PropertySourcesPropertyResolver - Searching for key 'LOCALAPPDATA' in [systemEnvironment]
16:56:51.360 [Test worker] DEBUG org.springframework.core.env.PropertySourcesPropertyResolver - Found key 'LOCALAPPDATA' in [systemEnvironment] with type [String] and value 'C:\Users\Batman\AppData\Local'
16:56:51.360 [Test worker] DEBUG org.springframework.core.env.PropertySourcesPropertyResolver - Searching for key 'PROCESSOR_LEVEL' in [systemProperties]
16:56:51.360 [Test worker] DEBUG org.springframework.core.env.PropertySourcesPropertyResolver - Searching for key 'PROCESSOR_LEVEL' in [systemEnvironment]
16:56:51.360 [Test worker] DEBUG org.springframework.core.env.PropertySourcesPropertyResolver - Found key 'PROCESSOR_LEVEL' in [systemEnvironment] with type [String] and value '6'
16:56:51.360 [Test worker] DEBUG org.springframework.core.env.PropertySourcesPropertyResolver - Searching for key 'FP_NO_HOST_CHECK' in [systemProperties]
16:56:51.360 [Test worker] DEBUG org.springframework.core.env.PropertySourcesPropertyResolver - Searching for key 'FP_NO_HOST_CHECK' in [systemEnvironment]
16:56:51.360 [Test worker] DEBUG org.springframework.core.env.PropertySourcesPropertyResolver - Found key 'FP_NO_HOST_CHECK' in [systemEnvironment] with type [String] and value 'NO'
16:56:51.360 [Test worker] DEBUG org.springframework.core.env.PropertySourcesPropertyResolver - Searching for key 'USERDOMAIN' in [systemProperties]
16:56:51.360 [Test worker] DEBUG org.springframework.core.env.PropertySourcesPropertyResolver - Searching for key 'USERDOMAIN' in [systemEnvironment]
16:56:51.360 [Test worker] DEBUG org.springframework.core.env.PropertySourcesPropertyResolver - Found key 'USERDOMAIN' in [systemEnvironment] with type [String] and value 'BATMAN-PC'
16:56:51.360 [Test worker] DEBUG org.springframework.core.env.PropertySourcesPropertyResolver - Searching for key 'LOGONSERVER' in [systemProperties]
16:56:51.360 [Test worker] DEBUG org.springframework.core.env.PropertySourcesPropertyResolver - Searching for key 'LOGONSERVER' in [systemEnvironment]
16:56:51.361 [Test worker] DEBUG org.springframework.core.env.PropertySourcesPropertyResolver - Found key 'LOGONSERVER' in [systemEnvironment] with type [String] and value '\\MicrosoftAccount'
16:56:51.361 [Test worker] DEBUG org.springframework.core.env.PropertySourcesPropertyResolver - Searching for key 'JAVA_HOME' in [systemProperties]
16:56:51.361 [Test worker] DEBUG org.springframework.core.env.PropertySourcesPropertyResolver - Searching for key 'JAVA_HOME' in [systemEnvironment]
16:56:51.361 [Test worker] DEBUG org.springframework.core.env.PropertySourcesPropertyResolver - Found key 'JAVA_HOME' in [systemEnvironment] with type [String] and value 'K:\JavaSW\JDK\1.8.0.92'
16:56:51.361 [Test worker] DEBUG org.springframework.core.env.PropertySourcesPropertyResolver - Searching for key 'SESSIONNAME' in [systemProperties]
16:56:51.361 [Test worker] DEBUG org.springframework.core.env.PropertySourcesPropertyResolver - Searching for key 'SESSIONNAME' in [systemEnvironment]
16:56:51.361 [Test worker] DEBUG org.springframework.core.env.PropertySourcesPropertyResolver - Found key 'SESSIONNAME' in [systemEnvironment] with type [String] and value 'Console'
16:56:51.362 [Test worker] DEBUG org.springframework.core.env.PropertySourcesPropertyResolver - Searching for key 'ALLUSERSPROFILE' in [systemProperties]
16:56:51.362 [Test worker] DEBUG org.springframework.core.env.PropertySourcesPropertyResolver - Searching for key 'ALLUSERSPROFILE' in [systemEnvironment]
16:56:51.362 [Test worker] DEBUG org.springframework.core.env.PropertySourcesPropertyResolver - Found key 'ALLUSERSPROFILE' in [systemEnvironment] with type [String] and value 'C:\ProgramData'
16:56:51.362 [Test worker] DEBUG org.springframework.core.env.PropertySourcesPropertyResolver - Searching for key 'PROCESSOR_ARCHITECTURE' in [systemProperties]
16:56:51.362 [Test worker] DEBUG org.springframework.core.env.PropertySourcesPropertyResolver - Searching for key 'PROCESSOR_ARCHITECTURE' in [systemEnvironment]
16:56:51.362 [Test worker] DEBUG org.springframework.core.env.PropertySourcesPropertyResolver - Found key 'PROCESSOR_ARCHITECTURE' in [systemEnvironment] with type [String] and value 'AMD64'
16:56:51.362 [Test worker] DEBUG org.springframework.core.env.PropertySourcesPropertyResolver - Searching for key 'GRADLE_HOME' in [systemProperties]
16:56:51.362 [Test worker] DEBUG org.springframework.core.env.PropertySourcesPropertyResolver - Searching for key 'GRADLE_HOME' in [systemEnvironment]
16:56:51.362 [Test worker] DEBUG org.springframework.core.env.PropertySourcesPropertyResolver - Found key 'GRADLE_HOME' in [systemEnvironment] with type [String] and value 'K:\JavaSW\Downloads\gradle-2.12-all\gradle-2.12'
16:56:51.362 [Test worker] DEBUG org.springframework.core.env.PropertySourcesPropertyResolver - Searching for key 'PSModulePath' in [systemProperties]
16:56:51.362 [Test worker] DEBUG org.springframework.core.env.PropertySourcesPropertyResolver - Searching for key 'PSModulePath' in [systemEnvironment]
16:56:51.363 [Test worker] DEBUG org.springframework.core.env.PropertySourcesPropertyResolver - Found key 'PSModulePath' in [systemEnvironment] with type [String] and value 'C:\WINDOWS\system32\WindowsPowerShell\v1.0\Modules\'
16:56:51.363 [Test worker] DEBUG org.springframework.core.env.PropertySourcesPropertyResolver - Searching for key 'SystemDrive' in [systemProperties]
16:56:51.363 [Test worker] DEBUG org.springframework.core.env.PropertySourcesPropertyResolver - Searching for key 'SystemDrive' in [systemEnvironment]
16:56:51.363 [Test worker] DEBUG org.springframework.core.env.PropertySourcesPropertyResolver - Found key 'SystemDrive' in [systemEnvironment] with type [String] and value 'C:'
16:56:51.363 [Test worker] DEBUG org.springframework.core.env.PropertySourcesPropertyResolver - Searching for key 'APPDATA' in [systemProperties]
16:56:51.363 [Test worker] DEBUG org.springframework.core.env.PropertySourcesPropertyResolver - Searching for key 'APPDATA' in [systemEnvironment]
16:56:51.363 [Test worker] DEBUG org.springframework.core.env.PropertySourcesPropertyResolver - Found key 'APPDATA' in [systemEnvironment] with type [String] and value 'C:\Users\Batman\AppData\Roaming'
16:56:51.363 [Test worker] DEBUG org.springframework.core.env.PropertySourcesPropertyResolver - Searching for key 'USERNAME' in [systemProperties]
16:56:51.363 [Test worker] DEBUG org.springframework.core.env.PropertySourcesPropertyResolver - Searching for key 'USERNAME' in [systemEnvironment]
16:56:51.363 [Test worker] DEBUG org.springframework.core.env.PropertySourcesPropertyResolver - Found key 'USERNAME' in [systemEnvironment] with type [String] and value 'Batman'
16:56:51.363 [Test worker] DEBUG org.springframework.core.env.PropertySourcesPropertyResolver - Searching for key 'windows_tracing_logfile' in [systemProperties]
16:56:51.364 [Test worker] DEBUG org.springframework.core.env.PropertySourcesPropertyResolver - Searching for key 'windows_tracing_logfile' in [systemEnvironment]
16:56:51.364 [Test worker] DEBUG org.springframework.core.env.PropertySourcesPropertyResolver - Found key 'windows_tracing_logfile' in [systemEnvironment] with type [String] and value 'C:\BVTBin\Tests\installpackage\csilogfile.log'
16:56:51.364 [Test worker] DEBUG org.springframework.core.env.PropertySourcesPropertyResolver - Searching for key 'ProgramFiles(x86)' in [systemProperties]
16:56:51.364 [Test worker] DEBUG org.springframework.core.env.PropertySourcesPropertyResolver - Searching for key 'ProgramFiles(x86)' in [systemEnvironment]
16:56:51.364 [Test worker] DEBUG org.springframework.core.env.PropertySourcesPropertyResolver - Found key 'ProgramFiles(x86)' in [systemEnvironment] with type [String] and value 'C:\Program Files (x86)'
16:56:51.364 [Test worker] DEBUG org.springframework.core.env.PropertySourcesPropertyResolver - Searching for key 'CommonProgramFiles' in [systemProperties]
16:56:51.364 [Test worker] DEBUG org.springframework.core.env.PropertySourcesPropertyResolver - Searching for key 'CommonProgramFiles' in [systemEnvironment]
16:56:51.364 [Test worker] DEBUG org.springframework.core.env.PropertySourcesPropertyResolver - Found key 'CommonProgramFiles' in [systemEnvironment] with type [String] and value 'C:\Program Files\Common Files'
16:56:51.364 [Test worker] DEBUG org.springframework.core.env.PropertySourcesPropertyResolver - Searching for key 'Path' in [systemProperties]
16:56:51.365 [Test worker] DEBUG org.springframework.core.env.PropertySourcesPropertyResolver - Searching for key 'Path' in [systemEnvironment]
16:56:51.365 [Test worker] DEBUG org.springframework.core.env.PropertySourcesPropertyResolver - Found key 'Path' in [systemEnvironment] with type [String] and value 'C:/Program Files/Java/jre1.8.0_92/bin/server;C:/Program Files/Java/jre1.8.0_92/bin;C:/Program Files/Java/jre1.8.0_92/lib/amd64;C:\ProgramData\Oracle\Java\javapath;C:\Program Files\Common Files\Microsoft Shared\Windows Live;C:\Program Files (x86)\Common Files\Microsoft Shared\Windows Live;c:\Program Files (x86)\Intel\iCLS Client\;c:\Program Files\Intel\iCLS Client\;C:\Program Files (x86)\NVIDIA Corporation\PhysX\Common;C:\WINDOWS\system32;C:\WINDOWS;C:\WINDOWS\System32\Wbem;C:\WINDOWS\System32\WindowsPowerShell\v1.0\;C:\Program Files\Intel\Intel(R) Management Engine Components\DAL;C:\Program Files\Intel\Intel(R) Management Engine Components\IPT;C:\Program Files (x86)\Intel\Intel(R) Management Engine Components\DAL;C:\Program Files (x86)\Intel\Intel(R) Management Engine Components\IPT;C:\Program Files (x86)\Windows Live\Shared;K:\JavaSW\JDK\1.8.0.92\bin;K:\JavaSW\Downloads\gradle-2.12-all\gradle-2.12\bin;C:\Program Files\Git\cmd;K:\JavaSW\Eclipse\eclipse;'
16:56:51.365 [Test worker] DEBUG org.springframework.core.env.PropertySourcesPropertyResolver - Searching for key 'PATHEXT' in [systemProperties]
16:56:51.365 [Test worker] DEBUG org.springframework.core.env.PropertySourcesPropertyResolver - Searching for key 'PATHEXT' in [systemEnvironment]
16:56:51.365 [Test worker] DEBUG org.springframework.core.env.PropertySourcesPropertyResolver - Found key 'PATHEXT' in [systemEnvironment] with type [String] and value '.COM;.EXE;.BAT;.CMD;.VBS;.VBE;.JS;.JSE;.WSF;.WSH;.MSC'
16:56:51.365 [Test worker] DEBUG org.springframework.core.env.PropertySourcesPropertyResolver - Searching for key 'OS' in [systemProperties]
16:56:51.366 [Test worker] DEBUG org.springframework.core.env.PropertySourcesPropertyResolver - Searching for key 'OS' in [systemEnvironment]
16:56:51.366 [Test worker] DEBUG org.springframework.core.env.PropertySourcesPropertyResolver - Found key 'OS' in [systemEnvironment] with type [String] and value 'Windows_NT'
16:56:51.366 [Test worker] DEBUG org.springframework.core.env.PropertySourcesPropertyResolver - Searching for key 'windows_tracing_flags' in [systemProperties]
16:56:51.366 [Test worker] DEBUG org.springframework.core.env.PropertySourcesPropertyResolver - Searching for key 'windows_tracing_flags' in [systemEnvironment]
16:56:51.366 [Test worker] DEBUG org.springframework.core.env.PropertySourcesPropertyResolver - Found key 'windows_tracing_flags' in [systemEnvironment] with type [String] and value '3'
16:56:51.366 [Test worker] DEBUG org.springframework.core.env.PropertySourcesPropertyResolver - Searching for key 'COMPUTERNAME' in [systemProperties]
16:56:51.366 [Test worker] DEBUG org.springframework.core.env.PropertySourcesPropertyResolver - Searching for key 'COMPUTERNAME' in [systemEnvironment]
16:56:51.366 [Test worker] DEBUG org.springframework.core.env.PropertySourcesPropertyResolver - Found key 'COMPUTERNAME' in [systemEnvironment] with type [String] and value 'BATMAN-PC'
16:56:51.366 [Test worker] DEBUG org.springframework.core.env.PropertySourcesPropertyResolver - Searching for key 'PROCESSOR_REVISION' in [systemProperties]
16:56:51.366 [Test worker] DEBUG org.springframework.core.env.PropertySourcesPropertyResolver - Searching for key 'PROCESSOR_REVISION' in [systemEnvironment]
16:56:51.366 [Test worker] DEBUG org.springframework.core.env.PropertySourcesPropertyResolver - Found key 'PROCESSOR_REVISION' in [systemEnvironment] with type [String] and value '3c03'
16:56:51.366 [Test worker] DEBUG org.springframework.core.env.PropertySourcesPropertyResolver - Searching for key 'CommonProgramW6432' in [systemProperties]
16:56:51.366 [Test worker] DEBUG org.springframework.core.env.PropertySourcesPropertyResolver - Searching for key 'CommonProgramW6432' in [systemEnvironment]
16:56:51.366 [Test worker] DEBUG org.springframework.core.env.PropertySourcesPropertyResolver - Found key 'CommonProgramW6432' in [systemEnvironment] with type [String] and value 'C:\Program Files\Common Files'
16:56:51.366 [Test worker] DEBUG org.springframework.core.env.PropertySourcesPropertyResolver - Searching for key 'ComSpec' in [systemProperties]
16:56:51.366 [Test worker] DEBUG org.springframework.core.env.PropertySourcesPropertyResolver - Searching for key 'ComSpec' in [systemEnvironment]
16:56:51.367 [Test worker] DEBUG org.springframework.core.env.PropertySourcesPropertyResolver - Found key 'ComSpec' in [systemEnvironment] with type [String] and value 'C:\WINDOWS\system32\cmd.exe'
16:56:51.367 [Test worker] DEBUG org.springframework.core.env.PropertySourcesPropertyResolver - Searching for key 'ProgramData' in [systemProperties]
16:56:51.367 [Test worker] DEBUG org.springframework.core.env.PropertySourcesPropertyResolver - Searching for key 'ProgramData' in [systemEnvironment]
16:56:51.367 [Test worker] DEBUG org.springframework.core.env.PropertySourcesPropertyResolver - Found key 'ProgramData' in [systemEnvironment] with type [String] and value 'C:\ProgramData'
16:56:51.367 [Test worker] DEBUG org.springframework.core.env.PropertySourcesPropertyResolver - Searching for key 'ProgramW6432' in [systemProperties]
16:56:51.367 [Test worker] DEBUG org.springframework.core.env.PropertySourcesPropertyResolver - Searching for key 'ProgramW6432' in [systemEnvironment]
16:56:51.367 [Test worker] DEBUG org.springframework.core.env.PropertySourcesPropertyResolver - Found key 'ProgramW6432' in [systemEnvironment] with type [String] and value 'C:\Program Files'
16:56:51.367 [Test worker] DEBUG org.springframework.core.env.PropertySourcesPropertyResolver - Searching for key 'HOMEPATH' in [systemProperties]
16:56:51.367 [Test worker] DEBUG org.springframework.core.env.PropertySourcesPropertyResolver - Searching for key 'HOMEPATH' in [systemEnvironment]
16:56:51.367 [Test worker] DEBUG org.springframework.core.env.PropertySourcesPropertyResolver - Found key 'HOMEPATH' in [systemEnvironment] with type [String] and value '\Users\Batman'
16:56:51.367 [Test worker] DEBUG org.springframework.core.env.PropertySourcesPropertyResolver - Searching for key 'SystemRoot' in [systemProperties]
16:56:51.367 [Test worker] DEBUG org.springframework.core.env.PropertySourcesPropertyResolver - Searching for key 'SystemRoot' in [systemEnvironment]
16:56:51.367 [Test worker] DEBUG org.springframework.core.env.PropertySourcesPropertyResolver - Found key 'SystemRoot' in [systemEnvironment] with type [String] and value 'C:\WINDOWS'
16:56:51.368 [Test worker] DEBUG org.springframework.core.env.PropertySourcesPropertyResolver - Searching for key 'TEMP' in [systemProperties]
16:56:51.368 [Test worker] DEBUG org.springframework.core.env.PropertySourcesPropertyResolver - Searching for key 'TEMP' in [systemEnvironment]
16:56:51.368 [Test worker] DEBUG org.springframework.core.env.PropertySourcesPropertyResolver - Found key 'TEMP' in [systemEnvironment] with type [String] and value 'C:\Users\Batman\AppData\Local\Temp'
16:56:51.368 [Test worker] DEBUG org.springframework.core.env.PropertySourcesPropertyResolver - Searching for key 'HOMEDRIVE' in [systemProperties]
16:56:51.368 [Test worker] DEBUG org.springframework.core.env.PropertySourcesPropertyResolver - Searching for key 'HOMEDRIVE' in [systemEnvironment]
16:56:51.368 [Test worker] DEBUG org.springframework.core.env.PropertySourcesPropertyResolver - Found key 'HOMEDRIVE' in [systemEnvironment] with type [String] and value 'C:'
16:56:51.368 [Test worker] DEBUG org.springframework.core.env.PropertySourcesPropertyResolver - Searching for key 'PROCESSOR_IDENTIFIER' in [systemProperties]
16:56:51.368 [Test worker] DEBUG org.springframework.core.env.PropertySourcesPropertyResolver - Searching for key 'PROCESSOR_IDENTIFIER' in [systemEnvironment]
16:56:51.368 [Test worker] DEBUG org.springframework.core.env.PropertySourcesPropertyResolver - Found key 'PROCESSOR_IDENTIFIER' in [systemEnvironment] with type [String] and value 'Intel64 Family 6 Model 60 Stepping 3, GenuineIntel'
16:56:51.369 [Test worker] DEBUG org.springframework.core.env.PropertySourcesPropertyResolver - Searching for key 'USERPROFILE' in [systemProperties]
16:56:51.369 [Test worker] DEBUG org.springframework.core.env.PropertySourcesPropertyResolver - Searching for key 'USERPROFILE' in [systemEnvironment]
16:56:51.369 [Test worker] DEBUG org.springframework.core.env.PropertySourcesPropertyResolver - Found key 'USERPROFILE' in [systemEnvironment] with type [String] and value 'C:\Users\Batman'
16:56:51.369 [Test worker] DEBUG org.springframework.core.env.PropertySourcesPropertyResolver - Searching for key 'TMP' in [systemProperties]
16:56:51.369 [Test worker] DEBUG org.springframework.core.env.PropertySourcesPropertyResolver - Searching for key 'TMP' in [systemEnvironment]
16:56:51.369 [Test worker] DEBUG org.springframework.core.env.PropertySourcesPropertyResolver - Found key 'TMP' in [systemEnvironment] with type [String] and value 'C:\Users\Batman\AppData\Local\Temp'
16:56:51.369 [Test worker] DEBUG org.springframework.core.env.PropertySourcesPropertyResolver - Searching for key 'CommonProgramFiles(x86)' in [systemProperties]
16:56:51.369 [Test worker] DEBUG org.springframework.core.env.PropertySourcesPropertyResolver - Searching for key 'CommonProgramFiles(x86)' in [systemEnvironment]
16:56:51.369 [Test worker] DEBUG org.springframework.core.env.PropertySourcesPropertyResolver - Found key 'CommonProgramFiles(x86)' in [systemEnvironment] with type [String] and value 'C:\Program Files (x86)\Common Files'
16:56:51.369 [Test worker] DEBUG org.springframework.core.env.PropertySourcesPropertyResolver - Searching for key 'ProgramFiles' in [systemProperties]
16:56:51.369 [Test worker] DEBUG org.springframework.core.env.PropertySourcesPropertyResolver - Searching for key 'ProgramFiles' in [systemEnvironment]
16:56:51.369 [Test worker] DEBUG org.springframework.core.env.PropertySourcesPropertyResolver - Found key 'ProgramFiles' in [systemEnvironment] with type [String] and value 'C:\Program Files'
16:56:51.370 [Test worker] DEBUG org.springframework.core.env.PropertySourcesPropertyResolver - Searching for key 'PUBLIC' in [systemProperties]
16:56:51.370 [Test worker] DEBUG org.springframework.core.env.PropertySourcesPropertyResolver - Searching for key 'PUBLIC' in [systemEnvironment]
16:56:51.370 [Test worker] DEBUG org.springframework.core.env.PropertySourcesPropertyResolver - Found key 'PUBLIC' in [systemEnvironment] with type [String] and value 'C:\Users\Public'
16:56:51.370 [Test worker] DEBUG org.springframework.core.env.PropertySourcesPropertyResolver - Searching for key 'NUMBER_OF_PROCESSORS' in [systemProperties]
16:56:51.370 [Test worker] DEBUG org.springframework.core.env.PropertySourcesPropertyResolver - Searching for key 'NUMBER_OF_PROCESSORS' in [systemEnvironment]
16:56:51.370 [Test worker] DEBUG org.springframework.core.env.PropertySourcesPropertyResolver - Found key 'NUMBER_OF_PROCESSORS' in [systemEnvironment] with type [String] and value '8'
16:56:51.370 [Test worker] DEBUG org.springframework.core.env.PropertySourcesPropertyResolver - Searching for key 'windir' in [systemProperties]
16:56:51.370 [Test worker] DEBUG org.springframework.core.env.PropertySourcesPropertyResolver - Searching for key 'windir' in [systemEnvironment]
16:56:51.370 [Test worker] DEBUG org.springframework.core.env.PropertySourcesPropertyResolver - Found key 'windir' in [systemEnvironment] with type [String] and value 'C:\WINDOWS'
16:56:51.370 [Test worker] DEBUG org.springframework.core.env.PropertySourcesPropertyResolver - Searching for key '=::' in [systemProperties]
16:56:51.370 [Test worker] DEBUG org.springframework.core.env.PropertySourcesPropertyResolver - Searching for key '=::' in [systemEnvironment]
16:56:51.370 [Test worker] DEBUG org.springframework.core.env.PropertySourcesPropertyResolver - Found key '=::' in [systemEnvironment] with type [String] and value '::\'
16:56:51.437 [Test worker] DEBUG org.springframework.core.type.classreading.AnnotationAttributesReadingVisitor - Failed to class-load type while reading annotation metadata. This is a non-fatal error, but certain annotation metadata may be unavailable.
java.lang.ClassNotFoundException: org.springframework.security.config.annotation.web.configuration.EnableWebSecurity
	at java.net.URLClassLoader.findClass(URLClassLoader.java:381)
	at java.lang.ClassLoader.loadClass(ClassLoader.java:424)
	at sun.misc.Launcher$AppClassLoader.loadClass(Launcher.java:331)
	at java.lang.ClassLoader.loadClass(ClassLoader.java:357)
	at org.springframework.core.type.classreading.RecursiveAnnotationAttributesVisitor.visitEnd(RecursiveAnnotationAttributesVisitor.java:47)
	at org.springframework.asm.ClassReader.readAnnotationValues(ClassReader.java:1802)
	at org.springframework.asm.ClassReader.accept(ClassReader.java:642)
	at org.springframework.asm.ClassReader.accept(ClassReader.java:508)
	at org.springframework.core.type.classreading.SimpleMetadataReader.<init>(SimpleMetadataReader.java:64)
	at org.springframework.core.type.classreading.SimpleMetadataReaderFactory.getMetadataReader(SimpleMetadataReaderFactory.java:98)
	at org.springframework.core.type.classreading.CachingMetadataReaderFactory.getMetadataReader(CachingMetadataReaderFactory.java:102)
	at org.springframework.core.type.classreading.SimpleMetadataReaderFactory.getMetadataReader(SimpleMetadataReaderFactory.java:93)
	at org.springframework.boot.autoconfigure.AutoConfigurationSorter$AutoConfigurationClasses.<init>(AutoConfigurationSorter.java:112)
	at org.springframework.boot.autoconfigure.AutoConfigurationSorter.getInPriorityOrder(AutoConfigurationSorter.java:56)
	at org.springframework.boot.autoconfigure.EnableAutoConfigurationImportSelector.sort(EnableAutoConfigurationImportSelector.java:173)
	at org.springframework.boot.autoconfigure.EnableAutoConfigurationImportSelector.selectImports(EnableAutoConfigurationImportSelector.java:82)
	at org.springframework.context.annotation.ConfigurationClassParser.processDeferredImportSelectors(ConfigurationClassParser.java:454)
	at org.springframework.context.annotation.ConfigurationClassParser.parse(ConfigurationClassParser.java:186)
	at org.springframework.context.annotation.ConfigurationClassPostProcessor.processConfigBeanDefinitions(ConfigurationClassPostProcessor.java:321)
	at org.springframework.context.annotation.ConfigurationClassPostProcessor.postProcessBeanDefinitionRegistry(ConfigurationClassPostProcessor.java:243)
	at org.springframework.context.support.PostProcessorRegistrationDelegate.invokeBeanDefinitionRegistryPostProcessors(PostProcessorRegistrationDelegate.java:273)
	at org.springframework.context.support.PostProcessorRegistrationDelegate.invokeBeanFactoryPostProcessors(PostProcessorRegistrationDelegate.java:98)
	at org.springframework.context.support.AbstractApplicationContext.invokeBeanFactoryPostProcessors(AbstractApplicationContext.java:678)
	at org.springframework.context.support.AbstractApplicationContext.refresh(AbstractApplicationContext.java:520)
	at org.springframework.test.context.support.AbstractGenericContextLoader.loadContext(AbstractGenericContextLoader.java:125)
	at org.springframework.test.context.support.AbstractGenericContextLoader.loadContext(AbstractGenericContextLoader.java:60)
	at org.springframework.test.context.support.AbstractDelegatingSmartContextLoader.delegateLoading(AbstractDelegatingSmartContextLoader.java:109)
	at org.springframework.test.context.support.AbstractDelegatingSmartContextLoader.loadContext(AbstractDelegatingSmartContextLoader.java:261)
	at org.springframework.test.context.cache.DefaultCacheAwareContextLoaderDelegate.loadContextInternal(DefaultCacheAwareContextLoaderDelegate.java:98)
	at org.springframework.test.context.cache.DefaultCacheAwareContextLoaderDelegate.loadContext(DefaultCacheAwareContextLoaderDelegate.java:116)
	at org.springframework.test.context.support.DefaultTestContext.getApplicationContext(DefaultTestContext.java:83)
	at org.springframework.test.context.support.DependencyInjectionTestExecutionListener.injectDependencies(DependencyInjectionTestExecutionListener.java:117)
	at org.springframework.test.context.support.DependencyInjectionTestExecutionListener.prepareTestInstance(DependencyInjectionTestExecutionListener.java:83)
	at org.springframework.test.context.TestContextManager.prepareTestInstance(TestContextManager.java:228)
	at org.springframework.test.context.junit4.SpringJUnit4ClassRunner.createTest(SpringJUnit4ClassRunner.java:230)
	at org.springframework.test.context.junit4.SpringJUnit4ClassRunner$1.runReflectiveCall(SpringJUnit4ClassRunner.java:289)
	at org.junit.internal.runners.model.ReflectiveCallable.run(ReflectiveCallable.java:12)
	at org.springframework.test.context.junit4.SpringJUnit4ClassRunner.methodBlock(SpringJUnit4ClassRunner.java:291)
	at org.springframework.test.context.junit4.SpringJUnit4ClassRunner.runChild(SpringJUnit4ClassRunner.java:249)
	at org.springframework.test.context.junit4.SpringJUnit4ClassRunner.runChild(SpringJUnit4ClassRunner.java:89)
	at org.junit.runners.ParentRunner$3.run(ParentRunner.java:290)
	at org.junit.runners.ParentRunner$1.schedule(ParentRunner.java:71)
	at org.junit.runners.ParentRunner.runChildren(ParentRunner.java:288)
	at org.junit.runners.ParentRunner.access$000(ParentRunner.java:58)
	at org.junit.runners.ParentRunner$2.evaluate(ParentRunner.java:268)
	at org.junit.internal.runners.statements.RunBefores.evaluate(RunBefores.java:26)
	at org.springframework.test.context.junit4.statements.RunBeforeTestClassCallbacks.evaluate(RunBeforeTestClassCallbacks.java:61)
	at org.junit.internal.runners.statements.RunAfters.evaluate(RunAfters.java:27)
	at org.springframework.test.context.junit4.statements.RunAfterTestClassCallbacks.evaluate(RunAfterTestClassCallbacks.java:70)
	at org.junit.runners.ParentRunner.run(ParentRunner.java:363)
	at org.springframework.test.context.junit4.SpringJUnit4ClassRunner.run(SpringJUnit4ClassRunner.java:193)
	at org.gradle.api.internal.tasks.testing.junit.JUnitTestClassExecuter.runTestClass(JUnitTestClassExecuter.java:112)
	at org.gradle.api.internal.tasks.testing.junit.JUnitTestClassExecuter.execute(JUnitTestClassExecuter.java:56)
	at org.gradle.api.internal.tasks.testing.junit.JUnitTestClassProcessor.processTestClass(JUnitTestClassProcessor.java:66)
	at org.gradle.api.internal.tasks.testing.SuiteTestClassProcessor.processTestClass(SuiteTestClassProcessor.java:51)
	at sun.reflect.NativeMethodAccessorImpl.invoke0(Native Method)
	at sun.reflect.NativeMethodAccessorImpl.invoke(NativeMethodAccessorImpl.java:62)
	at sun.reflect.DelegatingMethodAccessorImpl.invoke(DelegatingMethodAccessorImpl.java:43)
	at java.lang.reflect.Method.invoke(Method.java:498)
	at org.gradle.messaging.dispatch.ReflectionDispatch.dispatch(ReflectionDispatch.java:35)
	at org.gradle.messaging.dispatch.ReflectionDispatch.dispatch(ReflectionDispatch.java:24)
	at org.gradle.messaging.dispatch.ContextClassLoaderDispatch.dispatch(ContextClassLoaderDispatch.java:32)
	at org.gradle.messaging.dispatch.ProxyDispatchAdapter$DispatchingInvocationHandler.invoke(ProxyDispatchAdapter.java:93)
	at com.sun.proxy.$Proxy2.processTestClass(Unknown Source)
	at org.gradle.api.internal.tasks.testing.worker.TestWorker.processTestClass(TestWorker.java:109)
	at sun.reflect.NativeMethodAccessorImpl.invoke0(Native Method)
	at sun.reflect.NativeMethodAccessorImpl.invoke(NativeMethodAccessorImpl.java:62)
	at sun.reflect.DelegatingMethodAccessorImpl.invoke(DelegatingMethodAccessorImpl.java:43)
	at java.lang.reflect.Method.invoke(Method.java:498)
[...]
16:56:54.572 [Test worker] DEBUG org.hibernate.engine.jdbc.internal.LogicalConnectionImpl - Released JDBC connection
16:56:54.572 [Test worker] DEBUG org.springframework.orm.hibernate4.HibernateTransactionManager - Creating new transaction with name [org.springframework.data.jpa.repository.support.SimpleJpaRepository.findOne]: PROPAGATION_REQUIRED,ISOLATION_DEFAULT,readOnly; ''
16:56:54.572 [Test worker] DEBUG org.springframework.orm.hibernate4.HibernateTransactionManager - Opened new Session [SessionImpl(PersistenceContext[entityKeys=[],collectionKeys=[]];ActionQueue[insertions=org.hibernate.engine.spi.ExecutableList@6d2ff34c updates=org.hibernate.engine.spi.ExecutableList@1bfa2e9 deletions=org.hibernate.engine.spi.ExecutableList@146833c9 orphanRemovals=org.hibernate.engine.spi.ExecutableList@1bd6f728 collectionCreations=org.hibernate.engine.spi.ExecutableList@971d28d collectionRemovals=org.hibernate.engine.spi.ExecutableList@752591a0 collectionUpdates=org.hibernate.engine.spi.ExecutableList@200602b6 collectionQueuedOps=org.hibernate.engine.spi.ExecutableList@cc5de29 unresolvedInsertDependencies=UnresolvedEntityInsertActions[]])] for Hibernate transaction
16:56:54.572 [Test worker] DEBUG org.springframework.orm.hibernate4.HibernateTransactionManager - Preparing JDBC Connection of Hibernate Session [SessionImpl(PersistenceContext[entityKeys=[],collectionKeys=[]];ActionQueue[insertions=org.hibernate.engine.spi.ExecutableList@6d2ff34c updates=org.hibernate.engine.spi.ExecutableList@1bfa2e9 deletions=org.hibernate.engine.spi.ExecutableList@146833c9 orphanRemovals=org.hibernate.engine.spi.ExecutableList@1bd6f728 collectionCreations=org.hibernate.engine.spi.ExecutableList@971d28d collectionRemovals=org.hibernate.engine.spi.ExecutableList@752591a0 collectionUpdates=org.hibernate.engine.spi.ExecutableList@200602b6 collectionQueuedOps=org.hibernate.engine.spi.ExecutableList@cc5de29 unresolvedInsertDependencies=UnresolvedEntityInsertActions[]])]
16:56:54.572 [Test worker] DEBUG org.hibernate.engine.jdbc.internal.LogicalConnectionImpl - Obtaining JDBC connection
16:56:54.572 [Test worker] DEBUG com.mchange.v2.resourcepool.BasicResourcePool - trace com.mchange.v2.resourcepool.BasicResourcePool@14f30e94 [managed: 3, unused: 2, excluded: 0] (e.g. com.mchange.v2.c3p0.impl.NewPooledConnection@7fe529bb)
16:56:54.572 [Test worker] DEBUG org.hibernate.engine.jdbc.internal.LogicalConnectionImpl - Obtained JDBC connection
16:56:54.572 [Test worker] DEBUG org.springframework.jdbc.datasource.DataSourceUtils - Setting JDBC Connection [com.mchange.v2.c3p0.impl.NewProxyConnection@52d6a8c3] read-only
16:56:54.572 [Test worker] DEBUG org.hibernate.engine.transaction.spi.AbstractTransactionImpl - begin
16:56:54.572 [Test worker] DEBUG org.hibernate.engine.transaction.internal.jdbc.JdbcTransaction - initial autocommit status: true
16:56:54.572 [Test worker] DEBUG org.hibernate.engine.transaction.internal.jdbc.JdbcTransaction - disabling autocommit
16:56:54.572 [Test worker] DEBUG org.springframework.orm.hibernate4.HibernateTransactionManager - Exposing Hibernate transaction as JDBC transaction [com.mchange.v2.c3p0.impl.NewProxyConnection@52d6a8c3]
16:56:54.573 [Test worker] DEBUG org.springframework.orm.jpa.EntityManagerFactoryUtils - Opening JPA EntityManager
16:56:54.573 [Test worker] DEBUG org.springframework.orm.jpa.EntityManagerFactoryUtils - Registering transaction synchronization for JPA EntityManager
16:56:54.574 [Test worker] DEBUG org.hibernate.SQL - select callloginf0_.call_log_id as call_log1_0_0_, callloginf0_.end_time as end_time2_0_0_, callloginf0_.start_time as start_ti3_0_0_, callloginf0_.call_type as call_typ4_0_0_, callloginf0_.location as location5_0_0_, callloginf0_.party_phone_no as party_ph6_0_0_, callloginf0_.id as id7_0_0_ from call_log callloginf0_ where callloginf0_.call_log_id=?
16:56:54.574 [Test worker] DEBUG org.hibernate.engine.jdbc.internal.LogicalConnectionImpl - Obtaining JDBC connection
16:56:54.574 [Test worker] DEBUG com.mchange.v2.resourcepool.BasicResourcePool - trace com.mchange.v2.resourcepool.BasicResourcePool@14f30e94 [managed: 3, unused: 1, excluded: 0] (e.g. com.mchange.v2.c3p0.impl.NewPooledConnection@7fe529bb)
16:56:54.574 [Test worker] DEBUG org.hibernate.engine.jdbc.internal.LogicalConnectionImpl - Obtained JDBC connection
16:56:54.574 [Test worker] DEBUG org.hibernate.loader.plan.exec.process.internal.ResultSetProcessorImpl - Starting ResultSet row #0
16:56:54.574 [Test worker] DEBUG org.hibernate.loader.plan.exec.process.internal.EntityReferenceInitializerImpl - On call to EntityIdentifierReaderImpl#resolve, EntityKey was already known; should only happen on root returns with an optional identifier specified
16:56:54.575 [Test worker] DEBUG org.hibernate.engine.internal.TwoPhaseLoad - Resolving associations for [com.mycompany.dbEntity.CallLogInfo#109]
16:56:54.575 [Test worker] DEBUG org.hibernate.engine.internal.TwoPhaseLoad - Done materializing entity [com.mycompany.dbEntity.CallLogInfo#109]
16:56:54.575 [Test worker] DEBUG org.hibernate.loader.entity.plan.AbstractLoadPlanBasedEntityLoader - Done entity load : com.mycompany.dbEntity.CallLogInfo#109
16:56:54.575 [Test worker] DEBUG org.springframework.orm.jpa.EntityManagerFactoryUtils - Closing JPA EntityManager
16:56:54.575 [Test worker] DEBUG org.hibernate.engine.jdbc.internal.LogicalConnectionImpl - Releasing JDBC connection
16:56:54.575 [Test worker] DEBUG com.mchange.v2.resourcepool.BasicResourcePool - trace com.mchange.v2.resourcepool.BasicResourcePool@14f30e94 [managed: 3, unused: 1, excluded: 0] (e.g. com.mchange.v2.c3p0.impl.NewPooledConnection@7fe529bb)
16:56:54.575 [Test worker] DEBUG org.hibernate.engine.jdbc.internal.LogicalConnectionImpl - Released JDBC connection
16:56:54.575 [Test worker] DEBUG org.springframework.orm.hibernate4.HibernateTransactionManager - Initiating transaction commit
16:56:54.575 [Test worker] DEBUG org.springframework.orm.hibernate4.HibernateTransactionManager - Committing Hibernate transaction on Session [SessionImpl(PersistenceContext[entityKeys=[],collectionKeys=[]];ActionQueue[insertions=org.hibernate.engine.spi.ExecutableList@6d2ff34c updates=org.hibernate.engine.spi.ExecutableList@1bfa2e9 deletions=org.hibernate.engine.spi.ExecutableList@146833c9 orphanRemovals=org.hibernate.engine.spi.ExecutableList@1bd6f728 collectionCreations=org.hibernate.engine.spi.ExecutableList@971d28d collectionRemovals=org.hibernate.engine.spi.ExecutableList@752591a0 collectionUpdates=org.hibernate.engine.spi.ExecutableList@200602b6 collectionQueuedOps=org.hibernate.engine.spi.ExecutableList@cc5de29 unresolvedInsertDependencies=UnresolvedEntityInsertActions[]])]
16:56:54.575 [Test worker] DEBUG org.hibernate.engine.transaction.spi.AbstractTransactionImpl - committing
16:56:54.575 [Test worker] DEBUG org.hibernate.engine.transaction.internal.jdbc.JdbcTransaction - committed JDBC Connection
16:56:54.575 [Test worker] DEBUG org.hibernate.engine.transaction.internal.jdbc.JdbcTransaction - re-enabling autocommit
16:56:54.576 [Test worker] DEBUG org.springframework.orm.hibernate4.HibernateTransactionManager - Closing Hibernate Session [SessionImpl(PersistenceContext[entityKeys=[],collectionKeys=[]];ActionQueue[insertions=org.hibernate.engine.spi.ExecutableList@6d2ff34c updates=org.hibernate.engine.spi.ExecutableList@1bfa2e9 deletions=org.hibernate.engine.spi.ExecutableList@146833c9 orphanRemovals=org.hibernate.engine.spi.ExecutableList@1bd6f728 collectionCreations=org.hibernate.engine.spi.ExecutableList@971d28d collectionRemovals=org.hibernate.engine.spi.ExecutableList@752591a0 collectionUpdates=org.hibernate.engine.spi.ExecutableList@200602b6 collectionQueuedOps=org.hibernate.engine.spi.ExecutableList@cc5de29 unresolvedInsertDependencies=UnresolvedEntityInsertActions[]])] after transaction
16:56:54.576 [Test worker] DEBUG org.hibernate.engine.jdbc.internal.LogicalConnectionImpl - Releasing JDBC connection
16:56:54.576 [Test worker] DEBUG com.mchange.v2.resourcepool.BasicResourcePool - trace com.mchange.v2.resourcepool.BasicResourcePool@14f30e94 [managed: 3, unused: 2, excluded: 0] (e.g. com.mchange.v2.c3p0.impl.NewPooledConnection@7fe529bb)
16:56:54.576 [Test worker] DEBUG org.hibernate.engine.jdbc.internal.LogicalConnectionImpl - Released JDBC connection
16:56:54.578 [Test worker] DEBUG org.springframework.test.context.jdbc.SqlScriptsTestExecutionListener - Processing [MergedSqlConfig@4ecc4255 dataSource = '', transactionManager = '', transactionMode = ISOLATED, encoding = '', separator = '@@', commentPrefix = '`', blockCommentStartDelimiter = '/*', blockCommentEndDelimiter = '*/', errorMode = FAIL_ON_ERROR] for execution phase [AFTER_TEST_METHOD] and test context [DefaultTestContext@836955f testClass = CallLogRepositoryTest, testInstance = com.mycompany.dbRepository.CallLogRepositoryTest@6c3d373b, testMethod = testFindCallLogs@CallLogRepositoryTest, testException = [null], mergedContextConfiguration = [MergedContextConfiguration@2b681049 testClass = CallLogRepositoryTest, locations = '{}', classes = '{class com.mycompany.config.SpringTestCfg}', contextInitializerClasses = '[]', activeProfiles = '{test}', propertySourceLocations = '{}', propertySourceProperties = '{}', contextLoader = 'org.springframework.test.context.support.DelegatingSmartContextLoader', parent = [null]]].
16:56:54.578 [Test worker] DEBUG org.springframework.test.context.cache.DefaultCacheAwareContextLoaderDelegate - Retrieved ApplicationContext from cache with key [[MergedContextConfiguration@2b681049 testClass = CallLogRepositoryTest, locations = '{}', classes = '{class com.mycompany.config.SpringTestCfg}', contextInitializerClasses = '[]', activeProfiles = '{test}', propertySourceLocations = '{}', propertySourceProperties = '{}', contextLoader = 'org.springframework.test.context.support.DelegatingSmartContextLoader', parent = [null]]]
16:56:54.578 [Test worker] DEBUG org.springframework.test.context.cache - Spring test ApplicationContext cache statistics: [DefaultContextCache@5ba9e383 size = 1, parentContextCount = 0, hitCount = 25, missCount = 1]
16:56:54.578 [Test worker] DEBUG org.springframework.test.context.jdbc.SqlScriptsTestExecutionListener - Executing SQL scripts: [class path resource [sqls/CallLogRepository_callsBwDates_del.sql]]
16:56:54.578 [Test worker] DEBUG org.springframework.test.context.cache.DefaultCacheAwareContextLoaderDelegate - Retrieved ApplicationContext from cache with key [[MergedContextConfiguration@2b681049 testClass = CallLogRepositoryTest, locations = '{}', classes = '{class com.mycompany.config.SpringTestCfg}', contextInitializerClasses = '[]', activeProfiles = '{test}', propertySourceLocations = '{}', propertySourceProperties = '{}', contextLoader = 'org.springframework.test.context.support.DelegatingSmartContextLoader', parent = [null]]]
16:56:54.578 [Test worker] DEBUG org.springframework.test.context.cache - Spring test ApplicationContext cache statistics: [DefaultContextCache@5ba9e383 size = 1, parentContextCount = 0, hitCount = 26, missCount = 1]
16:56:54.578 [Test worker] DEBUG org.springframework.beans.factory.support.DefaultListableBeanFactory - Returning cached instance of singleton bean 'dataSource'
16:56:54.578 [Test worker] DEBUG org.springframework.test.context.cache.DefaultCacheAwareContextLoaderDelegate - Retrieved ApplicationContext from cache with key [[MergedContextConfiguration@2b681049 testClass = CallLogRepositoryTest, locations = '{}', classes = '{class com.mycompany.config.SpringTestCfg}', contextInitializerClasses = '[]', activeProfiles = '{test}', propertySourceLocations = '{}', propertySourceProperties = '{}', contextLoader = 'org.springframework.test.context.support.DelegatingSmartContextLoader', parent = [null]]]
16:56:54.578 [Test worker] DEBUG org.springframework.test.context.cache - Spring test ApplicationContext cache statistics: [DefaultContextCache@5ba9e383 size = 1, parentContextCount = 0, hitCount = 27, missCount = 1]
16:56:54.578 [Test worker] DEBUG org.springframework.beans.factory.support.DefaultListableBeanFactory - Returning cached instance of singleton bean 'transactionManager'
16:56:54.578 [Test worker] DEBUG org.springframework.orm.hibernate4.HibernateTransactionManager - Creating new transaction with name [com.mycompany.dbRepository.CallLogRepositoryTest.testFindCallLogs]: PROPAGATION_REQUIRES_NEW,ISOLATION_DEFAULT
16:56:54.578 [Test worker] DEBUG org.springframework.orm.hibernate4.HibernateTransactionManager - Opened new Session [SessionImpl(PersistenceContext[entityKeys=[],collectionKeys=[]];ActionQueue[insertions=org.hibernate.engine.spi.ExecutableList@5ba9c2c7 updates=org.hibernate.engine.spi.ExecutableList@4ebbcb4b deletions=org.hibernate.engine.spi.ExecutableList@5084460b orphanRemovals=org.hibernate.engine.spi.ExecutableList@7cf668a4 collectionCreations=org.hibernate.engine.spi.ExecutableList@69dc2207 collectionRemovals=org.hibernate.engine.spi.ExecutableList@79ad4de4 collectionUpdates=org.hibernate.engine.spi.ExecutableList@bebe8c4 collectionQueuedOps=org.hibernate.engine.spi.ExecutableList@44970255 unresolvedInsertDependencies=UnresolvedEntityInsertActions[]])] for Hibernate transaction
16:56:54.578 [Test worker] DEBUG org.springframework.orm.hibernate4.HibernateTransactionManager - Preparing JDBC Connection of Hibernate Session [SessionImpl(PersistenceContext[entityKeys=[],collectionKeys=[]];ActionQueue[insertions=org.hibernate.engine.spi.ExecutableList@5ba9c2c7 updates=org.hibernate.engine.spi.ExecutableList@4ebbcb4b deletions=org.hibernate.engine.spi.ExecutableList@5084460b orphanRemovals=org.hibernate.engine.spi.ExecutableList@7cf668a4 collectionCreations=org.hibernate.engine.spi.ExecutableList@69dc2207 collectionRemovals=org.hibernate.engine.spi.ExecutableList@79ad4de4 collectionUpdates=org.hibernate.engine.spi.ExecutableList@bebe8c4 collectionQueuedOps=org.hibernate.engine.spi.ExecutableList@44970255 unresolvedInsertDependencies=UnresolvedEntityInsertActions[]])]
16:56:54.578 [Test worker] DEBUG org.hibernate.engine.jdbc.internal.LogicalConnectionImpl - Obtaining JDBC connection
16:56:54.579 [Test worker] DEBUG com.mchange.v2.resourcepool.BasicResourcePool - trace com.mchange.v2.resourcepool.BasicResourcePool@14f30e94 [managed: 3, unused: 2, excluded: 0] (e.g. com.mchange.v2.c3p0.impl.NewPooledConnection@7fe529bb)
16:56:54.579 [Test worker] DEBUG org.hibernate.engine.jdbc.internal.LogicalConnectionImpl - Obtained JDBC connection
16:56:54.579 [Test worker] DEBUG org.hibernate.engine.transaction.spi.AbstractTransactionImpl - begin
16:56:54.579 [Test worker] DEBUG org.hibernate.engine.transaction.internal.jdbc.JdbcTransaction - initial autocommit status: true
16:56:54.579 [Test worker] DEBUG org.hibernate.engine.transaction.internal.jdbc.JdbcTransaction - disabling autocommit
16:56:54.579 [Test worker] DEBUG org.springframework.orm.hibernate4.HibernateTransactionManager - Exposing Hibernate transaction as JDBC transaction [com.mchange.v2.c3p0.impl.NewProxyConnection@5f827ad9]
16:56:54.579 [Test worker] INFO org.springframework.jdbc.datasource.init.ScriptUtils - Executing SQL script from class path resource [sqls/CallLogRepository_callsBwDates_del.sql]
16:56:54.579 [Test worker] DEBUG org.springframework.jdbc.datasource.init.ScriptUtils - 4 returned as update count for SQL: delete from call_log 
16:56:54.580 [Test worker] DEBUG org.springframework.jdbc.datasource.init.ScriptUtils - 1 returned as update count for SQL: delete from person 
16:56:54.580 [Test worker] INFO org.springframework.jdbc.datasource.init.ScriptUtils - Executed SQL script from class path resource [sqls/CallLogRepository_callsBwDates_del.sql] in 1 ms.
16:56:54.580 [Test worker] DEBUG org.springframework.orm.hibernate4.HibernateTransactionManager - Initiating transaction commit
16:56:54.580 [Test worker] DEBUG org.springframework.orm.hibernate4.HibernateTransactionManager - Committing Hibernate transaction on Session [SessionImpl(PersistenceContext[entityKeys=[],collectionKeys=[]];ActionQueue[insertions=org.hibernate.engine.spi.ExecutableList@5ba9c2c7 updates=org.hibernate.engine.spi.ExecutableList@4ebbcb4b deletions=org.hibernate.engine.spi.ExecutableList@5084460b orphanRemovals=org.hibernate.engine.spi.ExecutableList@7cf668a4 collectionCreations=org.hibernate.engine.spi.ExecutableList@69dc2207 collectionRemovals=org.hibernate.engine.spi.ExecutableList@79ad4de4 collectionUpdates=org.hibernate.engine.spi.ExecutableList@bebe8c4 collectionQueuedOps=org.hibernate.engine.spi.ExecutableList@44970255 unresolvedInsertDependencies=UnresolvedEntityInsertActions[]])]
16:56:54.580 [Test worker] DEBUG org.hibernate.engine.transaction.spi.AbstractTransactionImpl - committing
16:56:54.580 [Test worker] DEBUG org.hibernate.engine.transaction.internal.jdbc.JdbcTransaction - committed JDBC Connection
16:56:54.580 [Test worker] DEBUG org.hibernate.engine.transaction.internal.jdbc.JdbcTransaction - re-enabling autocommit
16:56:54.580 [Test worker] DEBUG org.springframework.orm.hibernate4.HibernateTransactionManager - Closing Hibernate Session [SessionImpl(PersistenceContext[entityKeys=[],collectionKeys=[]];ActionQueue[insertions=org.hibernate.engine.spi.ExecutableList@5ba9c2c7 updates=org.hibernate.engine.spi.ExecutableList@4ebbcb4b deletions=org.hibernate.engine.spi.ExecutableList@5084460b orphanRemovals=org.hibernate.engine.spi.ExecutableList@7cf668a4 collectionCreations=org.hibernate.engine.spi.ExecutableList@69dc2207 collectionRemovals=org.hibernate.engine.spi.ExecutableList@79ad4de4 collectionUpdates=org.hibernate.engine.spi.ExecutableList@bebe8c4 collectionQueuedOps=org.hibernate.engine.spi.ExecutableList@44970255 unresolvedInsertDependencies=UnresolvedEntityInsertActions[]])] after transaction
16:56:54.580 [Test worker] DEBUG org.hibernate.engine.jdbc.internal.LogicalConnectionImpl - Releasing JDBC connection
16:56:54.580 [Test worker] DEBUG com.mchange.v2.resourcepool.BasicResourcePool - trace com.mchange.v2.resourcepool.BasicResourcePool@14f30e94 [managed: 3, unused: 2, excluded: 0] (e.g. com.mchange.v2.c3p0.impl.NewPooledConnection@7fe529bb)
16:56:54.580 [Test worker] DEBUG org.hibernate.engine.jdbc.internal.LogicalConnectionImpl - Released JDBC connection
16:56:54.580 [Test worker] DEBUG org.springframework.test.context.support.AbstractDirtiesContextTestExecutionListener - After test method: context [DefaultTestContext@836955f testClass = CallLogRepositoryTest, testInstance = com.mycompany.dbRepository.CallLogRepositoryTest@6c3d373b, testMethod = testFindCallLogs@CallLogRepositoryTest, testException = [null], mergedContextConfiguration = [MergedContextConfiguration@2b681049 testClass = CallLogRepositoryTest, locations = '{}', classes = '{class com.mycompany.config.SpringTestCfg}', contextInitializerClasses = '[]', activeProfiles = '{test}', propertySourceLocations = '{}', propertySourceProperties = '{}', contextLoader = 'org.springframework.test.context.support.DelegatingSmartContextLoader', parent = [null]]], class annotated with @DirtiesContext [false] with mode [null], method annotated with @DirtiesContext [false] with mode [null].
16:56:54.580 [Test worker] DEBUG org.springframework.test.context.support.AbstractDirtiesContextTestExecutionListener - After test class: context [DefaultTestContext@836955f testClass = CallLogRepositoryTest, testInstance = [null], testMethod = [null], testException = [null], mergedContextConfiguration = [MergedContextConfiguration@2b681049 testClass = CallLogRepositoryTest, locations = '{}', classes = '{class com.mycompany.config.SpringTestCfg}', contextInitializerClasses = '[]', activeProfiles = '{test}', propertySourceLocations = '{}', propertySourceProperties = '{}', contextLoader = 'org.springframework.test.context.support.DelegatingSmartContextLoader', parent = [null]]], class annotated with @DirtiesContext [false] with mode [null].
]]></system-out>
  <system-err><![CDATA[]]></system-err>
</testsuite>
